Using pre-set license
Built from '6000.0/staging' branch; Version is '6000.0.34f1 (5ab2d9ed9190) revision 5944025'; Using compiler version '193933523'; Build Type 'Release'
OS: 'Windows 11  (10.0.26100) 64bit CoreCountrySpecific' Language: 'zh' Physical Memory: 16167 MB
BatchMode: 1, IsHumanControllingUs: 0, StartBugReporterOnCrash: 0, Is64bit: 1, IsPro: 1

COMMAND LINE ARGUMENTS:
D:\Program Files\Unity Editor\6000.0.34f1\Editor\Unity.exe
-adb2
-batchMode
-noUpm
-name
AssetImportWorker6
-projectPath
D:/Unity Projects/Project02
-logFile
Logs/AssetImportWorker6.log
-srvPort
53377
-job-worker-count
3
-background-job-worker-count
8
-gc-helper-count
1
Successfully changed project path to: D:/Unity Projects/Project02
D:/Unity Projects/Project02
[UnityMemory] Configuration Parameters - Can be set up in boot.config
    "memorysetup-bucket-allocator-granularity=16"
    "memorysetup-bucket-allocator-bucket-count=8"
    "memorysetup-bucket-allocator-block-size=33554432"
    "memorysetup-bucket-allocator-block-count=8"
    "memorysetup-main-allocator-block-size=16777216"
    "memorysetup-thread-allocator-block-size=16777216"
    "memorysetup-gfx-main-allocator-block-size=16777216"
    "memorysetup-gfx-thread-allocator-block-size=16777216"
    "memorysetup-cache-allocator-block-size=4194304"
    "memorysetup-typetree-allocator-block-size=2097152"
    "memorysetup-profiler-bucket-allocator-granularity=16"
    "memorysetup-profiler-bucket-allocator-bucket-count=8"
    "memorysetup-profiler-bucket-allocator-block-size=33554432"
    "memorysetup-profiler-bucket-allocator-block-count=8"
    "memorysetup-profiler-allocator-block-size=16777216"
    "memorysetup-profiler-editor-allocator-block-size=1048576"
    "memorysetup-temp-allocator-size-main=16777216"
    "memorysetup-job-temp-allocator-block-size=2097152"
    "memorysetup-job-temp-allocator-block-size-background=1048576"
    "memorysetup-job-temp-allocator-reduction-small-platforms=262144"
    "memorysetup-allocator-temp-initial-block-size-main=262144"
    "memorysetup-allocator-temp-initial-block-size-worker=262144"
    "memorysetup-temp-allocator-size-background-worker=32768"
    "memorysetup-temp-allocator-size-job-worker=262144"
    "memorysetup-temp-allocator-size-preload-manager=33554432"
    "memorysetup-temp-allocator-size-nav-mesh-worker=65536"
    "memorysetup-temp-allocator-size-audio-worker=65536"
    "memorysetup-temp-allocator-size-cloud-worker=32768"
    "memorysetup-temp-allocator-size-gi-baking-worker=262144"
    "memorysetup-temp-allocator-size-gi-baking-worker=262144"
    "memorysetup-temp-allocator-size-gi-baking-worker=262144"
    "memorysetup-temp-allocator-size-gi-baking-worker=262144"
    "memorysetup-temp-allocator-size-gi-baking-worker=262144"
    "memorysetup-temp-allocator-size-gfx=262144"
Player connection [32484]  Target information:

Player connection [32484]  * "[IP] 192.168.146.1 [Port] 0 [Flags] 2 [Guid] 836695535 [EditorId] 836695535 [Version] 1048832 [Id] WindowsEditor(7,DESKTOP-AQV7SLKG) [Debug] 1 [PackageName] WindowsEditor [ProjectName] Editor" 

Player connection [32484]  * "[IP] 192.168.26.1 [Port] 0 [Flags] 2 [Guid] 836695535 [EditorId] 836695535 [Version] 1048832 [Id] WindowsEditor(7,DESKTOP-AQV7SLKG) [Debug] 1 [PackageName] WindowsEditor [ProjectName] Editor" 

Player connection [32484]  * "[IP] 192.168.101.14 [Port] 0 [Flags] 2 [Guid] 836695535 [EditorId] 836695535 [Version] 1048832 [Id] WindowsEditor(7,DESKTOP-AQV7SLKG) [Debug] 1 [PackageName] WindowsEditor [ProjectName] Editor" 

Player connection [32484] Host joined multi-casting on [225.0.0.222:54997]...
Player connection [32484] Host joined alternative multi-casting on [225.0.0.222:34997]...
JobSystem: Creating JobQueue using job-worker-count value 3
Input System module state changed to: Initialized.
[Physics::Module] Initialized fallback backend.
[Physics::Module] Id: 0xdecafbad
Library Redirect Path: Library/
[Physics::Module] Selected backend.
[Physics::Module] Name: PhysX
[Physics::Module] Id: 0xf2b8ea05
[Physics::Module] SDK Version: 4.1.2
[Physics::Module] Integration Version: 1.0.0
[Physics::Module] Threading Mode: Multi-Threaded
Refreshing native plugins compatible for Editor in 6.34 ms, found 4 plugins.
Preloading 0 native plugins for Editor in 0.00 ms.
Initialize engine version: 6000.0.34f1 (5ab2d9ed9190)
[Subsystems] Discovering subsystems at path D:/Program Files/Unity Editor/6000.0.34f1/Editor/Data/Resources/UnitySubsystems
[Subsystems] Discovering subsystems at path D:/Unity Projects/Project02/Assets
GfxDevice: creating device client; kGfxThreadingModeNonThreaded
Direct3D:
    Version:  Direct3D 11.0 [level 11.1]
    Renderer: NVIDIA GeForce MX450 (ID=0x1f98)
    Vendor:   NVIDIA
    VRAM:     1906 MB
    Driver:   31.0.15.5222
Initialize mono
Mono path[0] = 'D:/Program Files/Unity Editor/6000.0.34f1/Editor/Data/Managed'
Mono path[1] = 'D:/Program Files/Unity Editor/6000.0.34f1/Editor/Data/MonoBleedingEdge/lib/mono/unityjit-win32'
Mono config path = 'D:/Program Files/Unity Editor/6000.0.34f1/Editor/Data/MonoBleedingEdge/etc'
Using monoOptions --debugger-agent=transport=dt_socket,embedding=1,server=y,suspend=n,address=127.0.0.1:56604
Begin MonoManager ReloadAssembly
Registering precompiled unity dll's ...
Register platform support module: D:/Program Files/Unity Editor/6000.0.34f1/Editor/Data/PlaybackEngines/WebGLSupport/UnityEditor.WebGL.Extensions.dll
Register platform support module: D:/Program Files/Unity Editor/6000.0.34f1/Editor/Data/PlaybackEngines/WindowsStandaloneSupport/UnityEditor.WindowsStandalone.Extensions.dll
Registered in 0.023402 seconds.
- Loaded All Assemblies, in  1.062 seconds
Native extension for WindowsStandalone target not found
Native extension for WebGL target not found
Mono: successfully reloaded assembly
- Finished resetting the current domain, in  0.987 seconds
Domain Reload Profiling: 2037ms
	BeginReloadAssembly (416ms)
		ExecutionOrderSort (0ms)
		DisableScriptedObjects (0ms)
		BackupInstance (0ms)
		ReleaseScriptingObjects (0ms)
		CreateAndSetChildDomain (1ms)
	RebuildCommonClasses (92ms)
	RebuildNativeTypeToScriptingClass (25ms)
	initialDomainReloadingComplete (145ms)
	LoadAllAssembliesAndSetupDomain (370ms)
		LoadAssemblies (391ms)
		RebuildTransferFunctionScriptingTraits (0ms)
		AnalyzeDomain (361ms)
			TypeCache.Refresh (358ms)
				TypeCache.ScanAssembly (330ms)
			BuildScriptInfoCaches (0ms)
			ResolveRequiredComponents (1ms)
	FinalizeReload (988ms)
		ReleaseScriptCaches (0ms)
		RebuildScriptCaches (0ms)
		SetupLoadedEditorAssemblies (876ms)
			LogAssemblyErrors (0ms)
			InitializePlatformSupportModulesInManaged (72ms)
			SetLoadedEditorAssemblies (14ms)
			BeforeProcessingInitializeOnLoad (179ms)
			ProcessInitializeOnLoadAttributes (513ms)
			ProcessInitializeOnLoadMethodAttributes (98ms)
			AfterProcessingInitializeOnLoad (0ms)
			EditorAssembliesLoaded (0ms)
		ExecutionOrderSort2 (0ms)
		AwakeInstancesAfterBackupRestoration (0ms)
========================================================================
Worker process is ready to serve import requests
Import Worker Mode flag is 0x00
Begin MonoManager ReloadAssembly
- Loaded All Assemblies, in  1.910 seconds
Refreshing native plugins compatible for Editor in 5.15 ms, found 4 plugins.
Native extension for WindowsStandalone target not found
Native extension for WebGL target not found
Package Manager log level set to [2]
[Package Manager] Failed to launch server process. Reason: Unity was launched with the -noUpm command-line argument
[Package Manager] Unable to send message (not connected to server process).
[Package Manager] Cannot connect to Unity Package Manager local server
[MODES] ModeService[none].Initialize
[MODES] ModeService[none].LoadModes
[MODES] Loading mode Default (0) for mode-current-id-Project02
Mono: successfully reloaded assembly
- Finished resetting the current domain, in  2.195 seconds
Domain Reload Profiling: 4079ms
	BeginReloadAssembly (352ms)
		ExecutionOrderSort (0ms)
		DisableScriptedObjects (10ms)
		BackupInstance (0ms)
		ReleaseScriptingObjects (0ms)
		CreateAndSetChildDomain (57ms)
	RebuildCommonClasses (73ms)
	RebuildNativeTypeToScriptingClass (23ms)
	initialDomainReloadingComplete (90ms)
	LoadAllAssembliesAndSetupDomain (1346ms)
		LoadAssemblies (940ms)
		RebuildTransferFunctionScriptingTraits (0ms)
		AnalyzeDomain (598ms)
			TypeCache.Refresh (453ms)
				TypeCache.ScanAssembly (424ms)
			BuildScriptInfoCaches (119ms)
			ResolveRequiredComponents (21ms)
	FinalizeReload (2195ms)
		ReleaseScriptCaches (0ms)
		RebuildScriptCaches (0ms)
		SetupLoadedEditorAssemblies (1747ms)
			LogAssemblyErrors (0ms)
			InitializePlatformSupportModulesInManaged (5ms)
			SetLoadedEditorAssemblies (23ms)
			BeforeProcessingInitializeOnLoad (480ms)
			ProcessInitializeOnLoadAttributes (997ms)
			ProcessInitializeOnLoadMethodAttributes (223ms)
			AfterProcessingInitializeOnLoad (19ms)
			EditorAssembliesLoaded (0ms)
		ExecutionOrderSort2 (0ms)
		AwakeInstancesAfterBackupRestoration (11ms)
Launched and connected shader compiler UnityShaderCompiler.exe after 0.05 seconds
Refreshing native plugins compatible for Editor in 3.66 ms, found 4 plugins.
Preloading 0 native plugins for Editor in 0.00 ms.
Unloading 213 Unused Serialized files (Serialized files now loaded: 0)
Unloading 6789 unused Assets / (6.4 MB). Loaded Objects now: 7445.
Memory consumption went from 182.6 MB to 176.2 MB.
Total: 18.041000 ms (FindLiveObjects: 1.445300 ms CreateObjectMapping: 2.443000 ms MarkObjects: 8.181000 ms  DeleteObjects: 5.970200 ms)

========================================================================
Received Import Request.
  Time since last request: 518230.733491 seconds.
  path: Assets/PurePoly/Free Fantasy RPG Weapons/Prefabs/PP_Theme_04_Scythe_001.prefab
  artifactKey: Guid(bc956f77213138048b30d54ab626e70a) Importer(2089858483,192608db42251d675da83286b1cce702)
Start importing Assets/PurePoly/Free Fantasy RPG Weapons/Prefabs/PP_Theme_04_Scythe_001.prefab using Guid(bc956f77213138048b30d54ab626e70a) Importer(2089858483,192608db42251d675da83286b1cce702) (ScriptedImporter) -> (artifact id: 'bd867c9621bd83ac95077c90ed219d34') in 0.4371223 seconds
Number of updated asset objects reloaded before import = 0Number of asset objects unloaded after import = 9

========================================================================
Received Import Request.
  Time since last request: 0.000028 seconds.
  path: Assets/Settings/PC_RPAsset.asset
  artifactKey: Guid(4b83569d67af61e458304325a23e5dfd) Importer(2089858483,3d70f49cd1c2eb9ae422958d1c652c6b)
Start importing Assets/Settings/PC_RPAsset.asset using Guid(4b83569d67af61e458304325a23e5dfd) Importer(2089858483,3d70f49cd1c2eb9ae422958d1c652c6b) (ScriptedImporter) -> (artifact id: '06f0663cd394be1d2bb263cb826f00fa') in 0.0102006 seconds
Number of updated asset objects reloaded before import = 0Number of asset objects unloaded after import = 0

========================================================================
Received Import Request.
  Time since last request: 0.000035 seconds.
  path: Assets/RPGPP_LT/Prefabs/Props/Misc/rpgpp_lt_stones_01.prefab
  artifactKey: Guid(71664e096e30ad2478110359d066f361) Importer(2089858483,3d70f49cd1c2eb9ae422958d1c652c6b)
Start importing Assets/RPGPP_LT/Prefabs/Props/Misc/rpgpp_lt_stones_01.prefab using Guid(71664e096e30ad2478110359d066f361) Importer(2089858483,3d70f49cd1c2eb9ae422958d1c652c6b) (ScriptedImporter) -> (artifact id: 'e0fac0692abb0ac2187164fad632dba6') in 0.0668634 seconds
Number of updated asset objects reloaded before import = 0Number of asset objects unloaded after import = 13

========================================================================
Received Import Request.
  Time since last request: 0.000022 seconds.
  path: Assets/SazenGames/Skeleton/Art/Animations/Skeleton_scream.fbx
  artifactKey: Guid(86a91506aa2b93c489463253cfac6e49) Importer(2089858483,192608db42251d675da83286b1cce702)
Start importing Assets/SazenGames/Skeleton/Art/Animations/Skeleton_scream.fbx using Guid(86a91506aa2b93c489463253cfac6e49) Importer(2089858483,192608db42251d675da83286b1cce702) (ScriptedImporter) -> (artifact id: '1f123caec28f22d37524cdc3dad9a4c8') in 0.1808948 seconds
Number of updated asset objects reloaded before import = 0Number of asset objects unloaded after import = 174

========================================================================
Received Import Request.
  Time since last request: 0.000028 seconds.
  path: Assets/Polytope Studio/Lowpoly_Environments/Prefabs/Plants/PT_Grass_02.prefab
  artifactKey: Guid(6cdd667aa0034cd4dadc8d58a65fb098) Importer(2089858483,3d70f49cd1c2eb9ae422958d1c652c6b)
Start importing Assets/Polytope Studio/Lowpoly_Environments/Prefabs/Plants/PT_Grass_02.prefab using Guid(6cdd667aa0034cd4dadc8d58a65fb098) Importer(2089858483,3d70f49cd1c2eb9ae422958d1c652c6b) (ScriptedImporter) -> (artifact id: '54fe2cb91f8c47612e41b491fc548a2d') in 0.0111617 seconds
Number of updated asset objects reloaded before import = 0Number of asset objects unloaded after import = 21

========================================================================
Received Import Request.
  Time since last request: 0.000035 seconds.
  path: Assets/SazenGames/Skeleton/Art/Animations/Skeleton_run_forward.fbx
  artifactKey: Guid(5871b0ab2b25a6c4f8bf68d64700212b) Importer(2089858483,192608db42251d675da83286b1cce702)
Start importing Assets/SazenGames/Skeleton/Art/Animations/Skeleton_run_forward.fbx using Guid(5871b0ab2b25a6c4f8bf68d64700212b) Importer(2089858483,192608db42251d675da83286b1cce702) (ScriptedImporter) -> (artifact id: '078d37efc8acfaa9eca2e0ffa4c3a6bf') in 0.0433784 seconds
Number of updated asset objects reloaded before import = 0Number of asset objects unloaded after import = 174

========================================================================
Received Import Request.
  Time since last request: 0.000038 seconds.
  path: Assets/PurePoly/Free Fantasy RPG Weapons/Textures
  artifactKey: Guid(1e867476189958641819c4044d9e5817) Importer(2089858483,192608db42251d675da83286b1cce702)
Start importing Assets/PurePoly/Free Fantasy RPG Weapons/Textures using Guid(1e867476189958641819c4044d9e5817) Importer(2089858483,192608db42251d675da83286b1cce702) (ScriptedImporter) -> (artifact id: '115b18807872df999042317e95085cdc') in 0.006774 seconds
Number of updated asset objects reloaded before import = 0Number of asset objects unloaded after import = 1

========================================================================
Received Import Request.
  Time since last request: 0.000028 seconds.
  path: Assets/SazenGames/Skeleton/Prefabs/Skeleton_110.prefab
  artifactKey: Guid(61b3e3801d56a3f429556c96ea2f07d6) Importer(2089858483,192608db42251d675da83286b1cce702)
Start importing Assets/SazenGames/Skeleton/Prefabs/Skeleton_110.prefab using Guid(61b3e3801d56a3f429556c96ea2f07d6) Importer(2089858483,192608db42251d675da83286b1cce702) (ScriptedImporter) -> (artifact id: '64e2fc691b6be75ccd0273fffd847c04') in 0.0313381 seconds
Number of updated asset objects reloaded before import = 0Number of asset objects unloaded after import = 349

========================================================================
Received Import Request.
  Time since last request: 0.000041 seconds.
  path: Assets/PurePoly/Free Fantasy RPG Weapons/Scenes/Demo_List.unity
  artifactKey: Guid(d56eeb4299f7b4b4aad11e5d435e16a1) Importer(2089858483,3d70f49cd1c2eb9ae422958d1c652c6b)
Start importing Assets/PurePoly/Free Fantasy RPG Weapons/Scenes/Demo_List.unity using Guid(d56eeb4299f7b4b4aad11e5d435e16a1) Importer(2089858483,3d70f49cd1c2eb9ae422958d1c652c6b) (ScriptedImporter)Opening scene 'Assets/PurePoly/Free Fantasy RPG Weapons/Scenes/Demo_List.unity additively'
Loaded scene 'Assets/PurePoly/Free Fantasy RPG Weapons/Scenes/Demo_List.unity'
	Deserialize:            8.374 ms
	Integration:            459.238 ms
	Integration of assets:  0.002 ms
	Thread Wait Time:       0.025 ms
	Total Operation Time:   467.639 ms
 -> (artifact id: 'c18f9a1c5bdf14760f179e56ea929251') in 0.5139429 seconds
Number of updated asset objects reloaded before import = 0Number of asset objects unloaded after import = 218

========================================================================
Received Import Request.
  Time since last request: 0.000034 seconds.
  path: Assets/SazenGames/Skeleton/Art/Animations/Skeleton_underground.fbx
  artifactKey: Guid(3ac4b674d4829cd40ac63450e95edb99) Importer(2089858483,192608db42251d675da83286b1cce702)
Start importing Assets/SazenGames/Skeleton/Art/Animations/Skeleton_underground.fbx using Guid(3ac4b674d4829cd40ac63450e95edb99) Importer(2089858483,192608db42251d675da83286b1cce702) (ScriptedImporter) -> (artifact id: '3a82ad6b4d20d03711ee0657068aad08') in 0.1147431 seconds
Number of updated asset objects reloaded before import = 0Number of asset objects unloaded after import = 174

========================================================================
Received Import Request.
  Time since last request: 0.000040 seconds.
  path: Assets/PurePoly/Free Fantasy RPG Weapons/Meshes/PP_Theme_10_Torch_001.fbx
  artifactKey: Guid(4a3470166c477034489036bd22aaee91) Importer(2089858483,192608db42251d675da83286b1cce702)
Start importing Assets/PurePoly/Free Fantasy RPG Weapons/Meshes/PP_Theme_10_Torch_001.fbx using Guid(4a3470166c477034489036bd22aaee91) Importer(2089858483,192608db42251d675da83286b1cce702) (ScriptedImporter) -> (artifact id: '2b4748dc02183e331161d819b4484bc0') in 0.0516575 seconds
Number of updated asset objects reloaded before import = 0Number of asset objects unloaded after import = 7

========================================================================
Received Import Request.
  Time since last request: 0.000024 seconds.
  path: Assets/PurePoly/Free Fantasy RPG Weapons/Meshes/PP_Theme_07_Scepter_001.fbx
  artifactKey: Guid(6f1a48b66181346468b4627154769336) Importer(2089858483,192608db42251d675da83286b1cce702)
Start importing Assets/PurePoly/Free Fantasy RPG Weapons/Meshes/PP_Theme_07_Scepter_001.fbx using Guid(6f1a48b66181346468b4627154769336) Importer(2089858483,192608db42251d675da83286b1cce702) (ScriptedImporter) -> (artifact id: 'f17e44f7916389102bda4e64bfd0141f') in 0.04284 seconds
Number of updated asset objects reloaded before import = 0Number of asset objects unloaded after import = 7

========================================================================
Received Import Request.
  Time since last request: 0.000029 seconds.
  path: Assets/MyAssets/Scripts/Gameplay/UI
  artifactKey: Guid(2fa47ec14980e094bb99fdbdffd7681d) Importer(2089858483,192608db42251d675da83286b1cce702)
Start importing Assets/MyAssets/Scripts/Gameplay/UI using Guid(2fa47ec14980e094bb99fdbdffd7681d) Importer(2089858483,192608db42251d675da83286b1cce702) (ScriptedImporter) -> (artifact id: '650139b550f54522e00b1aef0805b802') in 0.0521363 seconds
Number of updated asset objects reloaded before import = 0Number of asset objects unloaded after import = 1

========================================================================
Received Import Request.
  Time since last request: 0.000035 seconds.
  path: Assets/MyAssets/Scripts/Gameplay/Object
  artifactKey: Guid(01c0d550c91203a47a332ce2e20fe500) Importer(2089858483,192608db42251d675da83286b1cce702)
Start importing Assets/MyAssets/Scripts/Gameplay/Object using Guid(01c0d550c91203a47a332ce2e20fe500) Importer(2089858483,192608db42251d675da83286b1cce702) (ScriptedImporter) -> (artifact id: '5a5d4c55efc402ea125f98e975e102b8') in 0.0053985 seconds
Number of updated asset objects reloaded before import = 0Number of asset objects unloaded after import = 1

========================================================================
Received Import Request.
  Time since last request: 0.000023 seconds.
  path: Assets/Polytope Studio/Lowpoly_Environments/Prefabs/Trees/PT_Fruit_Tree_01_green_cut.prefab
  artifactKey: Guid(c0fdfdeafe3a1404a8766f946dd531d0) Importer(2089858483,3d70f49cd1c2eb9ae422958d1c652c6b)
Start importing Assets/Polytope Studio/Lowpoly_Environments/Prefabs/Trees/PT_Fruit_Tree_01_green_cut.prefab using Guid(c0fdfdeafe3a1404a8766f946dd531d0) Importer(2089858483,3d70f49cd1c2eb9ae422958d1c652c6b) (ScriptedImporter) -> (artifact id: '9bfd024648f109666852a4ad1e0ddeca') in 0.0122378 seconds
Number of updated asset objects reloaded before import = 0Number of asset objects unloaded after import = 9

========================================================================
Received Import Request.
  Time since last request: 0.000019 seconds.
  path: Assets/RPGPP_LT/Prefabs/Nature/Vegetation/Trees/rpgpp_lt_tree_02.prefab
  artifactKey: Guid(6910e2407cd484a42a0c2598114751a0) Importer(2089858483,3d70f49cd1c2eb9ae422958d1c652c6b)
Start importing Assets/RPGPP_LT/Prefabs/Nature/Vegetation/Trees/rpgpp_lt_tree_02.prefab using Guid(6910e2407cd484a42a0c2598114751a0) Importer(2089858483,3d70f49cd1c2eb9ae422958d1c652c6b) (ScriptedImporter) -> (artifact id: 'b8db6a477dd82cc2801a2587dd9ad9b8') in 0.0098018 seconds
Number of updated asset objects reloaded before import = 0Number of asset objects unloaded after import = 8

========================================================================
Received Import Request.
  Time since last request: 0.000027 seconds.
  path: Assets/PurePoly/Free Fantasy RPG Weapons
  artifactKey: Guid(ce5b2d80c2bac0948aa979a6f4d3b117) Importer(2089858483,192608db42251d675da83286b1cce702)
Start importing Assets/PurePoly/Free Fantasy RPG Weapons using Guid(ce5b2d80c2bac0948aa979a6f4d3b117) Importer(2089858483,192608db42251d675da83286b1cce702) (ScriptedImporter) -> (artifact id: '68047f679cef3d5b1ada61e609dc7cd5') in 0.0075825 seconds
Number of updated asset objects reloaded before import = 0Number of asset objects unloaded after import = 1

========================================================================
Received Import Request.
  Time since last request: 0.000037 seconds.
  path: Assets/PurePoly/Free Fantasy RPG Weapons/Meshes/PP_Theme_01_Quiver_001.fbx
  artifactKey: Guid(a2bf7a146aa41214b81bb9f4f7557463) Importer(2089858483,192608db42251d675da83286b1cce702)
Start importing Assets/PurePoly/Free Fantasy RPG Weapons/Meshes/PP_Theme_01_Quiver_001.fbx using Guid(a2bf7a146aa41214b81bb9f4f7557463) Importer(2089858483,192608db42251d675da83286b1cce702) (ScriptedImporter) -> (artifact id: '2191b214e891a1a24f546f9b13357fa5') in 0.0790321 seconds
Number of updated asset objects reloaded before import = 0Number of asset objects unloaded after import = 7

========================================================================
Received Import Request.
  Time since last request: 0.000020 seconds.
  path: Assets/Settings/PC_RPAsset.asset
  artifactKey: Guid(4b83569d67af61e458304325a23e5dfd) Importer(2089858483,192608db42251d675da83286b1cce702)
Start importing Assets/Settings/PC_RPAsset.asset using Guid(4b83569d67af61e458304325a23e5dfd) Importer(2089858483,192608db42251d675da83286b1cce702) (ScriptedImporter) -> (artifact id: 'c975b830c1c87dd7b12efd8c8364ea5f') in 0.1128321 seconds
Number of updated asset objects reloaded before import = 0Number of asset objects unloaded after import = 1

========================================================================
Received Import Request.
  Time since last request: 0.000024 seconds.
  path: Assets/Stylized NPC - Peasant Nolant/Textures
  artifactKey: Guid(c114580cf1691e94d96d20dc7fdb8d48) Importer(2089858483,192608db42251d675da83286b1cce702)
Start importing Assets/Stylized NPC - Peasant Nolant/Textures using Guid(c114580cf1691e94d96d20dc7fdb8d48) Importer(2089858483,192608db42251d675da83286b1cce702) (ScriptedImporter) -> (artifact id: '8c1975c87c1c6d5884170c5a56af3bfa') in 0.0057963 seconds
Number of updated asset objects reloaded before import = 0Number of asset objects unloaded after import = 1

========================================================================
Received Import Request.
  Time since last request: 0.000050 seconds.
  path: Assets/RPGPP_LT/Prefabs/Nature/Vegetation/Trees/rpgpp_lt_tree_01.prefab
  artifactKey: Guid(ae9772ea62bbc724eb9b8ef81109f733) Importer(2089858483,3d70f49cd1c2eb9ae422958d1c652c6b)
Start importing Assets/RPGPP_LT/Prefabs/Nature/Vegetation/Trees/rpgpp_lt_tree_01.prefab using Guid(ae9772ea62bbc724eb9b8ef81109f733) Importer(2089858483,3d70f49cd1c2eb9ae422958d1c652c6b) (ScriptedImporter) -> (artifact id: 'ef1749fb7a0a35203998e6e95dd51557') in 0.0217253 seconds
Number of updated asset objects reloaded before import = 0Number of asset objects unloaded after import = 8

========================================================================
Received Import Request.
  Time since last request: 0.000021 seconds.
  path: Assets/Stylized NPC - Peasant Nolant/Prefabs/Peasant Nolant Brown(Free Version).prefab
  artifactKey: Guid(3c0b66c1fb55cd34994e034186a852c1) Importer(2089858483,3d70f49cd1c2eb9ae422958d1c652c6b)
Start importing Assets/Stylized NPC - Peasant Nolant/Prefabs/Peasant Nolant Brown(Free Version).prefab using Guid(3c0b66c1fb55cd34994e034186a852c1) Importer(2089858483,3d70f49cd1c2eb9ae422958d1c652c6b) (ScriptedImporter) -> (artifact id: '66cd71733dfc7c312e43437bc81c010e') in 0.0336908 seconds
Number of updated asset objects reloaded before import = 0Number of asset objects unloaded after import = 104

========================================================================
Received Import Request.
  Time since last request: 0.000083 seconds.
  path: Assets/Scenes/SampleScene.unity
  artifactKey: Guid(99c9720ab356a0642a771bea13969a05) Importer(2089858483,192608db42251d675da83286b1cce702)
Start importing Assets/Scenes/SampleScene.unity using Guid(99c9720ab356a0642a771bea13969a05) Importer(2089858483,192608db42251d675da83286b1cce702) (ScriptedImporter) -> (artifact id: 'c5b08d6f666b793fe8656503efd745b3') in 0.0254005 seconds
Number of updated asset objects reloaded before import = 0Number of asset objects unloaded after import = 1

========================================================================
Received Import Request.
  Time since last request: 0.000035 seconds.
  path: Assets/RPGPP_LT/Prefabs/Props/Containers/rpgpp_lt_basket_01.prefab
  artifactKey: Guid(e4509b8ffa235574993d4e43936eec8d) Importer(2089858483,3d70f49cd1c2eb9ae422958d1c652c6b)
Start importing Assets/RPGPP_LT/Prefabs/Props/Containers/rpgpp_lt_basket_01.prefab using Guid(e4509b8ffa235574993d4e43936eec8d) Importer(2089858483,3d70f49cd1c2eb9ae422958d1c652c6b) (ScriptedImporter) -> (artifact id: '917f38b28590858c274b354495b51812') in 0.0368503 seconds
Number of updated asset objects reloaded before import = 0Number of asset objects unloaded after import = 13

========================================================================
Received Import Request.
  Time since last request: 0.000024 seconds.
  path: Assets/PurePoly/Free Fantasy RPG Weapons/Prefabs/PP_Theme_11_Sword_One-Handed_003.prefab
  artifactKey: Guid(b99eeca4b92b0b2408bdea5f80af2b65) Importer(2089858483,3d70f49cd1c2eb9ae422958d1c652c6b)
Start importing Assets/PurePoly/Free Fantasy RPG Weapons/Prefabs/PP_Theme_11_Sword_One-Handed_003.prefab using Guid(b99eeca4b92b0b2408bdea5f80af2b65) Importer(2089858483,3d70f49cd1c2eb9ae422958d1c652c6b) (ScriptedImporter) -> (artifact id: 'f7d15a67dfed4d496befced59685cb5f') in 0.0092051 seconds
Number of updated asset objects reloaded before import = 0Number of asset objects unloaded after import = 9

========================================================================
Received Import Request.
  Time since last request: 0.000027 seconds.
  path: Assets/RPGPP_LT/Prefabs/Props/Hangers/rpgpp_lt_hanger_wood_02.prefab
  artifactKey: Guid(6dd52c4f120e5304db643636399a54a8) Importer(2089858483,3d70f49cd1c2eb9ae422958d1c652c6b)
Start importing Assets/RPGPP_LT/Prefabs/Props/Hangers/rpgpp_lt_hanger_wood_02.prefab using Guid(6dd52c4f120e5304db643636399a54a8) Importer(2089858483,3d70f49cd1c2eb9ae422958d1c652c6b) (ScriptedImporter) -> (artifact id: 'c988027bf46ee90964bb5ea6a284ecc4') in 0.0102885 seconds
Number of updated asset objects reloaded before import = 0Number of asset objects unloaded after import = 13

========================================================================
Received Import Request.
  Time since last request: 0.000034 seconds.
  path: Assets/SazenGames/Skeleton/Art/Meshes/Skeleton_Model_110.fbx
  artifactKey: Guid(be3776e9bd6e31341b3490a035f6ea50) Importer(2089858483,192608db42251d675da83286b1cce702)
Start importing Assets/SazenGames/Skeleton/Art/Meshes/Skeleton_Model_110.fbx using Guid(be3776e9bd6e31341b3490a035f6ea50) Importer(2089858483,192608db42251d675da83286b1cce702) (ScriptedImporter) -> (artifact id: 'd9bc6d285619c5d7fb6713c34078db18') in 0.0571832 seconds
Number of updated asset objects reloaded before import = 0Number of asset objects unloaded after import = 172

========================================================================
Received Import Request.
  Time since last request: 0.000025 seconds.
  path: Assets/RPGPP_LT/Prefabs/Nature/Sky/rpgpp_lt_cloud_02.prefab
  artifactKey: Guid(f661498175107c749a33d97304c423eb) Importer(2089858483,192608db42251d675da83286b1cce702)
Start importing Assets/RPGPP_LT/Prefabs/Nature/Sky/rpgpp_lt_cloud_02.prefab using Guid(f661498175107c749a33d97304c423eb) Importer(2089858483,192608db42251d675da83286b1cce702) (ScriptedImporter) -> (artifact id: '0cc7c9ea867fbc08d765fd630fc3d794') in 0.0260893 seconds
Number of updated asset objects reloaded before import = 0Number of asset objects unloaded after import = 8

========================================================================
Received Import Request.
  Time since last request: 0.000023 seconds.
  path: Assets/RPGPP_LT/Prefabs/Nature/Rocks/rpgpp_lt_rocks_tiny_01.prefab
  artifactKey: Guid(e1154cf6ac27b2f45b4ae35582e7e363) Importer(2089858483,3d70f49cd1c2eb9ae422958d1c652c6b)
Start importing Assets/RPGPP_LT/Prefabs/Nature/Rocks/rpgpp_lt_rocks_tiny_01.prefab using Guid(e1154cf6ac27b2f45b4ae35582e7e363) Importer(2089858483,3d70f49cd1c2eb9ae422958d1c652c6b) (ScriptedImporter) -> (artifact id: 'd37bdca0d4ea0fbf0652509bed031e5d') in 0.0082876 seconds
Number of updated asset objects reloaded before import = 0Number of asset objects unloaded after import = 8

========================================================================
Received Import Request.
  Time since last request: 0.000037 seconds.
  path: Assets/RPGPP_LT/Prefabs/Props/Containers/rpgpp_lt_vase_02.prefab
  artifactKey: Guid(645e0ccb96eef934aa12bd4c02a4bd66) Importer(2089858483,3d70f49cd1c2eb9ae422958d1c652c6b)
Start importing Assets/RPGPP_LT/Prefabs/Props/Containers/rpgpp_lt_vase_02.prefab using Guid(645e0ccb96eef934aa12bd4c02a4bd66) Importer(2089858483,3d70f49cd1c2eb9ae422958d1c652c6b) (ScriptedImporter) -> (artifact id: '9ef4fabec2223b57c6b400ba28c66b5f') in 0.0086447 seconds
Number of updated asset objects reloaded before import = 0Number of asset objects unloaded after import = 8

========================================================================
Received Import Request.
  Time since last request: 0.000019 seconds.
  path: Assets/Stylized NPC - Peasant Nolant/Prefabs/Peasant Nolant Green(Free Version).prefab
  artifactKey: Guid(7d67ac5cfda0b944580afbed7561ec82) Importer(2089858483,3d70f49cd1c2eb9ae422958d1c652c6b)
Start importing Assets/Stylized NPC - Peasant Nolant/Prefabs/Peasant Nolant Green(Free Version).prefab using Guid(7d67ac5cfda0b944580afbed7561ec82) Importer(2089858483,3d70f49cd1c2eb9ae422958d1c652c6b) (ScriptedImporter) -> (artifact id: '17a4008c1681b6db4161b34d401d4b11') in 0.0206591 seconds
Number of updated asset objects reloaded before import = 0Number of asset objects unloaded after import = 104

========================================================================
Received Import Request.
  Time since last request: 0.000025 seconds.
  path: Assets/SazenGames/Skeleton/Art/Demo Animator Controllers/take damage.overrideController
  artifactKey: Guid(bdc4392bafa793e44abbad15c93185a7) Importer(2089858483,192608db42251d675da83286b1cce702)
Start importing Assets/SazenGames/Skeleton/Art/Demo Animator Controllers/take damage.overrideController using Guid(bdc4392bafa793e44abbad15c93185a7) Importer(2089858483,192608db42251d675da83286b1cce702) (ScriptedImporter) -> (artifact id: 'df19da96278c559d433b06a188b72a04') in 0.0163246 seconds
Number of updated asset objects reloaded before import = 0Number of asset objects unloaded after import = 6

========================================================================
Received Import Request.
  Time since last request: 0.000030 seconds.
  path: Assets/RPGPP_LT/Prefabs/Nature/Sky/rpgpp_lt_sky_01.prefab
  artifactKey: Guid(f31c6bb6e68212e41b0bcae74612a240) Importer(2089858483,192608db42251d675da83286b1cce702)
Start importing Assets/RPGPP_LT/Prefabs/Nature/Sky/rpgpp_lt_sky_01.prefab using Guid(f31c6bb6e68212e41b0bcae74612a240) Importer(2089858483,192608db42251d675da83286b1cce702) (ScriptedImporter) -> (artifact id: '0f7dc621c73bc49c008252e91f36ced7') in 0.0139854 seconds
Number of updated asset objects reloaded before import = 0Number of asset objects unloaded after import = 8

========================================================================
Received Import Request.
  Time since last request: 0.000036 seconds.
  path: Assets/RPGPP_LT/Prefabs/Exterior/Wood_path/rpgpp_lt_awning_standing_01b.prefab
  artifactKey: Guid(a55a0c9e057bc994ea182b2668dbdccb) Importer(2089858483,3d70f49cd1c2eb9ae422958d1c652c6b)
Start importing Assets/RPGPP_LT/Prefabs/Exterior/Wood_path/rpgpp_lt_awning_standing_01b.prefab using Guid(a55a0c9e057bc994ea182b2668dbdccb) Importer(2089858483,3d70f49cd1c2eb9ae422958d1c652c6b) (ScriptedImporter) -> (artifact id: '22c1c5c3eedb80544d8d04da8d097576') in 0.0106493 seconds
Number of updated asset objects reloaded before import = 0Number of asset objects unloaded after import = 13

========================================================================
Received Import Request.
  Time since last request: 0.000022 seconds.
  path: Assets/Stylized NPC - Peasant Nolant/Models
  artifactKey: Guid(15aedf4487246c841a296a4a9261b852) Importer(2089858483,192608db42251d675da83286b1cce702)
Start importing Assets/Stylized NPC - Peasant Nolant/Models using Guid(15aedf4487246c841a296a4a9261b852) Importer(2089858483,192608db42251d675da83286b1cce702) (ScriptedImporter) -> (artifact id: '8692eade18b4c94c2cefbfd9a2469c84') in 0.0070217 seconds
Number of updated asset objects reloaded before import = 0Number of asset objects unloaded after import = 1

========================================================================
Received Import Request.
  Time since last request: 0.000031 seconds.
  path: Assets/MyAssets/Scripts/Gameplay/Object/Creature/CreatureBody.cs
  artifactKey: Guid(a39a125472143a2419cadfeee33f0558) Importer(2089858483,192608db42251d675da83286b1cce702)
Start importing Assets/MyAssets/Scripts/Gameplay/Object/Creature/CreatureBody.cs using Guid(a39a125472143a2419cadfeee33f0558) Importer(2089858483,192608db42251d675da83286b1cce702) (ScriptedImporter) -> (artifact id: '5a2a0797acd216a6e292f8509f2015bc') in 0.027473 seconds
Number of updated asset objects reloaded before import = 0Number of asset objects unloaded after import = 0

========================================================================
Received Import Request.
  Time since last request: 0.000035 seconds.
  path: Assets/RPGPP_LT/Prefabs/Props/Containers/rpgpp_lt_package_01.prefab
  artifactKey: Guid(388d2ede35ec91345943f17a010818fc) Importer(2089858483,192608db42251d675da83286b1cce702)
Start importing Assets/RPGPP_LT/Prefabs/Props/Containers/rpgpp_lt_package_01.prefab using Guid(388d2ede35ec91345943f17a010818fc) Importer(2089858483,192608db42251d675da83286b1cce702) (ScriptedImporter) -> (artifact id: 'a9aa2bf2b0c78d6bf20714e5acf702f6') in 0.0384841 seconds
Number of updated asset objects reloaded before import = 0Number of asset objects unloaded after import = 8

========================================================================
Received Import Request.
  Time since last request: 0.000027 seconds.
  path: Assets/RPGPP_LT/Models/Nature/rpgpp_lt_terrain_grass_01.fbx
  artifactKey: Guid(264414c28ea0fbb41b924fd17d9228b3) Importer(2089858483,192608db42251d675da83286b1cce702)
Start importing Assets/RPGPP_LT/Models/Nature/rpgpp_lt_terrain_grass_01.fbx using Guid(264414c28ea0fbb41b924fd17d9228b3) Importer(2089858483,192608db42251d675da83286b1cce702) (ScriptedImporter) -> (artifact id: 'b37008746f180966afc3f0736b9665d6') in 0.0642611 seconds
Number of updated asset objects reloaded before import = 0Number of asset objects unloaded after import = 7

========================================================================
Received Import Request.
  Time since last request: 0.000038 seconds.
  path: Assets/RPGPP_LT/Prefabs/Exterior/Wood_path/rpgpp_lt_awning_standing_01b.prefab
  artifactKey: Guid(a55a0c9e057bc994ea182b2668dbdccb) Importer(2089858483,192608db42251d675da83286b1cce702)
Start importing Assets/RPGPP_LT/Prefabs/Exterior/Wood_path/rpgpp_lt_awning_standing_01b.prefab using Guid(a55a0c9e057bc994ea182b2668dbdccb) Importer(2089858483,192608db42251d675da83286b1cce702) (ScriptedImporter) -> (artifact id: '94a8893d8fa20f5f86144ed1be0a0fc0') in 0.0290727 seconds
Number of updated asset objects reloaded before import = 0Number of asset objects unloaded after import = 14

========================================================================
Received Import Request.
  Time since last request: 0.000021 seconds.
  path: Assets/RPGPP_LT/Prefabs/Props/Items/rpgpp_lt_broom_01.prefab
  artifactKey: Guid(a463cb358b3f799499b5078f511ef61e) Importer(2089858483,192608db42251d675da83286b1cce702)
Start importing Assets/RPGPP_LT/Prefabs/Props/Items/rpgpp_lt_broom_01.prefab using Guid(a463cb358b3f799499b5078f511ef61e) Importer(2089858483,192608db42251d675da83286b1cce702) (ScriptedImporter) -> (artifact id: '6cb4bc1daaa81858fecd3ab76a425a43') in 0.0272123 seconds
Number of updated asset objects reloaded before import = 0Number of asset objects unloaded after import = 8

========================================================================
Received Import Request.
  Time since last request: 0.000025 seconds.
  path: Assets/SazenGames/Skeleton/Art/Animations/Skeleton_death.fbx
  artifactKey: Guid(56fcc68ba18948946afb47d690ad1095) Importer(2089858483,192608db42251d675da83286b1cce702)
Start importing Assets/SazenGames/Skeleton/Art/Animations/Skeleton_death.fbx using Guid(56fcc68ba18948946afb47d690ad1095) Importer(2089858483,192608db42251d675da83286b1cce702) (ScriptedImporter) -> (artifact id: 'aecee4efa7f8745fb1f0d943ad42e853') in 0.0423071 seconds
Number of updated asset objects reloaded before import = 0Number of asset objects unloaded after import = 174

========================================================================
Received Import Request.
  Time since last request: 0.000037 seconds.
  path: Assets/RPGPP_LT/Models/Exterior/rpgpp_lt_awning_standing_01a.fbx
  artifactKey: Guid(b98598caa17d2c5499766efbe5bedc73) Importer(2089858483,192608db42251d675da83286b1cce702)
Start importing Assets/RPGPP_LT/Models/Exterior/rpgpp_lt_awning_standing_01a.fbx using Guid(b98598caa17d2c5499766efbe5bedc73) Importer(2089858483,192608db42251d675da83286b1cce702) (ScriptedImporter) -> (artifact id: '7a21f810c10779cb4dc239302603ab74') in 0.0336982 seconds
Number of updated asset objects reloaded before import = 0Number of asset objects unloaded after import = 7

========================================================================
Received Import Request.
  Time since last request: 0.000022 seconds.
  path: Assets/RPGPP_LT/Models/Exterior/rpgpp_lt_shed_wood_01.fbx
  artifactKey: Guid(fa3e7c2eee7453d4fb171f6bed8c4ef6) Importer(2089858483,192608db42251d675da83286b1cce702)
Start importing Assets/RPGPP_LT/Models/Exterior/rpgpp_lt_shed_wood_01.fbx using Guid(fa3e7c2eee7453d4fb171f6bed8c4ef6) Importer(2089858483,192608db42251d675da83286b1cce702) (ScriptedImporter) -> (artifact id: '3c3f25eb76cc42fdeab11ad512f429ad') in 0.0287796 seconds
Number of updated asset objects reloaded before import = 0Number of asset objects unloaded after import = 7

========================================================================
Received Import Request.
  Time since last request: 0.000027 seconds.
  path: Assets/RPGPP_LT/Prefabs/Nature/Terrain/rpgpp_lt_terrain_grass_02.prefab
  artifactKey: Guid(68cbfa1438162b243ac02fb9e3e30581) Importer(2089858483,192608db42251d675da83286b1cce702)
Start importing Assets/RPGPP_LT/Prefabs/Nature/Terrain/rpgpp_lt_terrain_grass_02.prefab using Guid(68cbfa1438162b243ac02fb9e3e30581) Importer(2089858483,192608db42251d675da83286b1cce702) (ScriptedImporter) -> (artifact id: '3d0d04d299aa0c749303f2ca7bf6995e') in 0.0147664 seconds
Number of updated asset objects reloaded before import = 0Number of asset objects unloaded after import = 8

========================================================================
Received Import Request.
  Time since last request: 0.000036 seconds.
  path: Assets/RPGPP_LT/Prefabs/Props/Banners/rpgpp_lt_banner_01a.prefab
  artifactKey: Guid(e1032c9b5d7d362489670d42997dceb5) Importer(2089858483,192608db42251d675da83286b1cce702)
Start importing Assets/RPGPP_LT/Prefabs/Props/Banners/rpgpp_lt_banner_01a.prefab using Guid(e1032c9b5d7d362489670d42997dceb5) Importer(2089858483,192608db42251d675da83286b1cce702) (ScriptedImporter) -> (artifact id: '037c8d3d491e2604adad907d3aed381d') in 0.0132808 seconds
Number of updated asset objects reloaded before import = 0Number of asset objects unloaded after import = 8

========================================================================
Received Import Request.
  Time since last request: 0.000021 seconds.
  path: Assets/Kevin Iglesias/Human Animations/Unity Demo Scenes/Human Melee Animations/Prefabs/Weapons/Human_Polearm.prefab
  artifactKey: Guid(70e0ccbe3643bd040888da7b8666ba1c) Importer(2089858483,3d70f49cd1c2eb9ae422958d1c652c6b)
Start importing Assets/Kevin Iglesias/Human Animations/Unity Demo Scenes/Human Melee Animations/Prefabs/Weapons/Human_Polearm.prefab using Guid(70e0ccbe3643bd040888da7b8666ba1c) Importer(2089858483,3d70f49cd1c2eb9ae422958d1c652c6b) (ScriptedImporter) -> (artifact id: '67300504f5f8150486cc88995b330298') in 0.0088798 seconds
Number of updated asset objects reloaded before import = 0Number of asset objects unloaded after import = 13

========================================================================
Received Import Request.
  Time since last request: 0.000022 seconds.
  path: Assets/RPGPP_LT/Prefabs/Props/Misc
  artifactKey: Guid(458e1ba84a6e1a94b8793cd2c8103f30) Importer(2089858483,192608db42251d675da83286b1cce702)
Start importing Assets/RPGPP_LT/Prefabs/Props/Misc using Guid(458e1ba84a6e1a94b8793cd2c8103f30) Importer(2089858483,192608db42251d675da83286b1cce702) (ScriptedImporter) -> (artifact id: '11fce4d6e2d4df2d252e05afae670cb3') in 0.0071022 seconds
Number of updated asset objects reloaded before import = 0Number of asset objects unloaded after import = 1

========================================================================
Received Import Request.
  Time since last request: 0.000026 seconds.
  path: Assets/RPGPP_LT/Prefabs/Props/Benches/rpgpp_lt_bench_wood_02.prefab
  artifactKey: Guid(0b4e174fd778c74418d2b3a6e66f0822) Importer(2089858483,192608db42251d675da83286b1cce702)
Start importing Assets/RPGPP_LT/Prefabs/Props/Benches/rpgpp_lt_bench_wood_02.prefab using Guid(0b4e174fd778c74418d2b3a6e66f0822) Importer(2089858483,192608db42251d675da83286b1cce702) (ScriptedImporter) -> (artifact id: '830a318c12cc19be1b808c5a9a9b1543') in 0.03247 seconds
Number of updated asset objects reloaded before import = 0Number of asset objects unloaded after import = 14

========================================================================
Received Import Request.
  Time since last request: 0.000046 seconds.
  path: Assets/RPGPP_LT/Models/Props/rpgpp_lt_bench_wood_01.fbx
  artifactKey: Guid(6bc5a23d8cb251f40b96a1fbf4ddb4fc) Importer(2089858483,192608db42251d675da83286b1cce702)
Start importing Assets/RPGPP_LT/Models/Props/rpgpp_lt_bench_wood_01.fbx using Guid(6bc5a23d8cb251f40b96a1fbf4ddb4fc) Importer(2089858483,192608db42251d675da83286b1cce702) (ScriptedImporter) -> (artifact id: '66f4508daacd194a377e05c7e117ebc8') in 0.0166584 seconds
Number of updated asset objects reloaded before import = 0Number of asset objects unloaded after import = 7

========================================================================
Received Import Request.
  Time since last request: 0.000021 seconds.
  path: Assets/RPGPP_LT/Prefabs/Props/Misc/rpgpp_lt_wagon_01.prefab
  artifactKey: Guid(87d1d734739f10440b2bdbb449c09a9e) Importer(2089858483,192608db42251d675da83286b1cce702)
Start importing Assets/RPGPP_LT/Prefabs/Props/Misc/rpgpp_lt_wagon_01.prefab using Guid(87d1d734739f10440b2bdbb449c09a9e) Importer(2089858483,192608db42251d675da83286b1cce702) (ScriptedImporter) -> (artifact id: '184ff36f0489e467a73953fc32c9fa3b') in 0.0134042 seconds
Number of updated asset objects reloaded before import = 0Number of asset objects unloaded after import = 8

========================================================================
Received Import Request.
  Time since last request: 0.000022 seconds.
  path: Assets/Kevin Iglesias/Human Animations/Unity Demo Scenes/Human Melee Animations/Prefabs/Characters/HumanM_Dummy_Red - Greatsword.prefab
  artifactKey: Guid(e625906aa3584f2438cf119f0cd401a9) Importer(2089858483,3d70f49cd1c2eb9ae422958d1c652c6b)
Start importing Assets/Kevin Iglesias/Human Animations/Unity Demo Scenes/Human Melee Animations/Prefabs/Characters/HumanM_Dummy_Red - Greatsword.prefab using Guid(e625906aa3584f2438cf119f0cd401a9) Importer(2089858483,3d70f49cd1c2eb9ae422958d1c652c6b) (ScriptedImporter) -> (artifact id: '378277993f9431a628caba8edeb5f11e') in 0.0350357 seconds
Number of updated asset objects reloaded before import = 0Number of asset objects unloaded after import = 263

========================================================================
Received Import Request.
  Time since last request: 0.000036 seconds.
  path: Assets/Kevin Iglesias/Human Animations/Unity Demo Scenes/Human Melee Animations/Prefabs/Characters/HumanF_Dummy_Red - Polearm.prefab
  artifactKey: Guid(0d1dc15b702800b41900704ee66dac39) Importer(2089858483,3d70f49cd1c2eb9ae422958d1c652c6b)
Start importing Assets/Kevin Iglesias/Human Animations/Unity Demo Scenes/Human Melee Animations/Prefabs/Characters/HumanF_Dummy_Red - Polearm.prefab using Guid(0d1dc15b702800b41900704ee66dac39) Importer(2089858483,3d70f49cd1c2eb9ae422958d1c652c6b) (ScriptedImporter) -> (artifact id: '9de3c6252af2f27957642417b308a07d') in 0.029971 seconds
Number of updated asset objects reloaded before import = 0Number of asset objects unloaded after import = 263

========================================================================
Received Import Request.
  Time since last request: 0.000034 seconds.
  path: Assets/RPGPP_LT/Models/Props/rpgpp_lt_bowl_metal_01.fbx
  artifactKey: Guid(09cc238bd856b5d468789a6d2d0f48ed) Importer(2089858483,192608db42251d675da83286b1cce702)
Start importing Assets/RPGPP_LT/Models/Props/rpgpp_lt_bowl_metal_01.fbx using Guid(09cc238bd856b5d468789a6d2d0f48ed) Importer(2089858483,192608db42251d675da83286b1cce702) (ScriptedImporter) -> (artifact id: 'dcea9e3788315f632489d6a0182f79ca') in 0.0226256 seconds
Number of updated asset objects reloaded before import = 0Number of asset objects unloaded after import = 7

========================================================================
Received Import Request.
  Time since last request: 0.000021 seconds.
  path: Assets/RPGPP_LT/Models/Props/rpgpp_lt_sack_02.fbx
  artifactKey: Guid(ff32ccf17fc024e46a367e3318caf931) Importer(2089858483,192608db42251d675da83286b1cce702)
Start importing Assets/RPGPP_LT/Models/Props/rpgpp_lt_sack_02.fbx using Guid(ff32ccf17fc024e46a367e3318caf931) Importer(2089858483,192608db42251d675da83286b1cce702) (ScriptedImporter) -> (artifact id: '2befdff18de53993106ae39a0fda8ebc') in 0.0171868 seconds
Number of updated asset objects reloaded before import = 0Number of asset objects unloaded after import = 7

========================================================================
Received Import Request.
  Time since last request: 0.000024 seconds.
  path: Assets/RPGPP_LT/Models/Exterior/rpgpp_lt_fence_wood_02a.fbx
  artifactKey: Guid(b77da4f016c6e22418c989a19bf3ba6c) Importer(2089858483,192608db42251d675da83286b1cce702)
Start importing Assets/RPGPP_LT/Models/Exterior/rpgpp_lt_fence_wood_02a.fbx using Guid(b77da4f016c6e22418c989a19bf3ba6c) Importer(2089858483,192608db42251d675da83286b1cce702) (ScriptedImporter) -> (artifact id: '12587b47661fee891a08ea50d39fc4f6') in 0.0219461 seconds
Number of updated asset objects reloaded before import = 0Number of asset objects unloaded after import = 7

========================================================================
Received Import Request.
  Time since last request: 0.000022 seconds.
  path: Assets/RPGPP_LT/Prefabs/Props/Shields/rpgpp_lt_shield_wall_01b.prefab
  artifactKey: Guid(0aae23549399ae240aa3fcaf1b7ae6b0) Importer(2089858483,192608db42251d675da83286b1cce702)
Start importing Assets/RPGPP_LT/Prefabs/Props/Shields/rpgpp_lt_shield_wall_01b.prefab using Guid(0aae23549399ae240aa3fcaf1b7ae6b0) Importer(2089858483,192608db42251d675da83286b1cce702) (ScriptedImporter) -> (artifact id: '60fe5952522470d1c4cec66f78c5ae79') in 0.0217032 seconds
Number of updated asset objects reloaded before import = 0Number of asset objects unloaded after import = 8

========================================================================
Received Import Request.
  Time since last request: 0.000040 seconds.
  path: Assets/PurePoly/Free Fantasy RPG Weapons/Meshes/PP_Theme_01_Axe_Two_Handed_002.fbx
  artifactKey: Guid(aeda2134d1d446147a2a17e6da2b4418) Importer(2089858483,192608db42251d675da83286b1cce702)
Start importing Assets/PurePoly/Free Fantasy RPG Weapons/Meshes/PP_Theme_01_Axe_Two_Handed_002.fbx using Guid(aeda2134d1d446147a2a17e6da2b4418) Importer(2089858483,192608db42251d675da83286b1cce702) (ScriptedImporter) -> (artifact id: 'b96656b1f135c1fb860bd0dce879f1dc') in 0.0216582 seconds
Number of updated asset objects reloaded before import = 0Number of asset objects unloaded after import = 7

========================================================================
Received Import Request.
  Time since last request: 0.000022 seconds.
  path: Assets/SazenGames/Skeleton/Scripts/AnimationReplayer.cs
  artifactKey: Guid(e66b8749005de5c4998c15fa56703ac3) Importer(2089858483,192608db42251d675da83286b1cce702)
Start importing Assets/SazenGames/Skeleton/Scripts/AnimationReplayer.cs using Guid(e66b8749005de5c4998c15fa56703ac3) Importer(2089858483,192608db42251d675da83286b1cce702) (ScriptedImporter) -> (artifact id: 'da36950432102f036cc6eb60d547f3c4') in 0.0119749 seconds
Number of updated asset objects reloaded before import = 0Number of asset objects unloaded after import = 0

========================================================================
Received Import Request.
  Time since last request: 0.000022 seconds.
  path: Assets/SazenGames/Skeleton/Art/Demo Animator Controllers/walk.overrideController
  artifactKey: Guid(3b9ff8ae2aca47242a1abf196e76acf4) Importer(2089858483,192608db42251d675da83286b1cce702)
Start importing Assets/SazenGames/Skeleton/Art/Demo Animator Controllers/walk.overrideController using Guid(3b9ff8ae2aca47242a1abf196e76acf4) Importer(2089858483,192608db42251d675da83286b1cce702) (ScriptedImporter) -> (artifact id: '7e90e968653987e74a0b4c780d310726') in 0.0184845 seconds
Number of updated asset objects reloaded before import = 0Number of asset objects unloaded after import = 6

========================================================================
Received Import Request.
  Time since last request: 0.000027 seconds.
  path: Assets/RPGPP_LT/Prefabs/Exterior
  artifactKey: Guid(5b7738eafaaea9f4ca3069d3dfbee10a) Importer(2089858483,192608db42251d675da83286b1cce702)
Start importing Assets/RPGPP_LT/Prefabs/Exterior using Guid(5b7738eafaaea9f4ca3069d3dfbee10a) Importer(2089858483,192608db42251d675da83286b1cce702) (ScriptedImporter) -> (artifact id: '662cf111e63d4b64e21c55d0ab22a56d') in 0.0096944 seconds
Number of updated asset objects reloaded before import = 0Number of asset objects unloaded after import = 1

========================================================================
Received Import Request.
  Time since last request: 0.000033 seconds.
  path: Assets/RPGPP_LT/Models/Props/rpgpp_lt_crate_01.fbx
  artifactKey: Guid(c10249f44e64d6f41ac0d5083805dba2) Importer(2089858483,192608db42251d675da83286b1cce702)
Start importing Assets/RPGPP_LT/Models/Props/rpgpp_lt_crate_01.fbx using Guid(c10249f44e64d6f41ac0d5083805dba2) Importer(2089858483,192608db42251d675da83286b1cce702) (ScriptedImporter) -> (artifact id: '7e46e86c472a62b5dfee5c3f68739b66') in 0.023923 seconds
Number of updated asset objects reloaded before import = 0Number of asset objects unloaded after import = 7

========================================================================
Received Import Request.
  Time since last request: 0.000022 seconds.
  path: Assets/RPGPP_LT/Prefabs/Nature/Terrain/rpgpp_lt_terrain_path_01b.prefab
  artifactKey: Guid(63ce2b31e16acab4d8a41f884c36333c) Importer(2089858483,192608db42251d675da83286b1cce702)
Start importing Assets/RPGPP_LT/Prefabs/Nature/Terrain/rpgpp_lt_terrain_path_01b.prefab using Guid(63ce2b31e16acab4d8a41f884c36333c) Importer(2089858483,192608db42251d675da83286b1cce702) (ScriptedImporter) -> (artifact id: '63342e5c83a5c56ae07b89c7e68611b8') in 0.0164013 seconds
Number of updated asset objects reloaded before import = 0Number of asset objects unloaded after import = 8

========================================================================
Received Import Request.
  Time since last request: 0.000022 seconds.
  path: Assets/RPGPP_LT/Models/Props/rpgpp_lt_shield_wall_01a.fbx
  artifactKey: Guid(6db1e633533718d49bd0b8329bc37412) Importer(2089858483,192608db42251d675da83286b1cce702)
Start importing Assets/RPGPP_LT/Models/Props/rpgpp_lt_shield_wall_01a.fbx using Guid(6db1e633533718d49bd0b8329bc37412) Importer(2089858483,192608db42251d675da83286b1cce702) (ScriptedImporter) -> (artifact id: 'dac75bf65ff667990055a4f64c55f2fa') in 0.0230906 seconds
Number of updated asset objects reloaded before import = 0Number of asset objects unloaded after import = 7

========================================================================
Received Import Request.
  Time since last request: 0.000024 seconds.
  path: Assets/MyAssets/Scripts/Gameplay/Object/Common/AttackBox.cs
  artifactKey: Guid(42ec5a3148bc2f74ba545d83d2eab515) Importer(2089858483,192608db42251d675da83286b1cce702)
Start importing Assets/MyAssets/Scripts/Gameplay/Object/Common/AttackBox.cs using Guid(42ec5a3148bc2f74ba545d83d2eab515) Importer(2089858483,192608db42251d675da83286b1cce702) (ScriptedImporter) -> (artifact id: '01278b002f746feb2bb82d7c48b51564') in 0.0074813 seconds
Number of updated asset objects reloaded before import = 0Number of asset objects unloaded after import = 0

========================================================================
Received Import Request.
  Time since last request: 0.000034 seconds.
  path: Assets/PurePoly/Free Fantasy RPG Weapons/Prefabs/PP_Theme_04_Spellbook_003.prefab
  artifactKey: Guid(0c90db8fea3862442b559c97aca37ba7) Importer(2089858483,3d70f49cd1c2eb9ae422958d1c652c6b)
Start importing Assets/PurePoly/Free Fantasy RPG Weapons/Prefabs/PP_Theme_04_Spellbook_003.prefab using Guid(0c90db8fea3862442b559c97aca37ba7) Importer(2089858483,3d70f49cd1c2eb9ae422958d1c652c6b) (ScriptedImporter) -> (artifact id: '64dc7f991dc7adea85c3555bf2297263') in 0.0134969 seconds
Number of updated asset objects reloaded before import = 0Number of asset objects unloaded after import = 9

========================================================================
Received Import Request.
  Time since last request: 0.000025 seconds.
  path: Assets/RPGPP_LT/Prefabs/Props/Containers/rpgpp_lt_vase_02.prefab
  artifactKey: Guid(645e0ccb96eef934aa12bd4c02a4bd66) Importer(2089858483,192608db42251d675da83286b1cce702)
Start importing Assets/RPGPP_LT/Prefabs/Props/Containers/rpgpp_lt_vase_02.prefab using Guid(645e0ccb96eef934aa12bd4c02a4bd66) Importer(2089858483,192608db42251d675da83286b1cce702) (ScriptedImporter) -> (artifact id: 'fa2442b4d5e496d8e1b4b6e86a25b79c') in 0.013989 seconds
Number of updated asset objects reloaded before import = 0Number of asset objects unloaded after import = 8

========================================================================
Received Import Request.
  Time since last request: 0.000025 seconds.
  path: Assets/RPGPP_LT/Prefabs/Props/Benches
  artifactKey: Guid(78a57f86b90fd7d43b80a4972f729ab3) Importer(2089858483,192608db42251d675da83286b1cce702)
Start importing Assets/RPGPP_LT/Prefabs/Props/Benches using Guid(78a57f86b90fd7d43b80a4972f729ab3) Importer(2089858483,192608db42251d675da83286b1cce702) (ScriptedImporter) -> (artifact id: '791b99146d52a11e0ce1b4ee87dc1301') in 0.0065115 seconds
Number of updated asset objects reloaded before import = 0Number of asset objects unloaded after import = 1

========================================================================
Received Import Request.
  Time since last request: 0.000027 seconds.
  path: Assets/RPGPP_LT/Prefabs/Props/Misc/rpgpp_lt_bird_house_01.prefab
  artifactKey: Guid(7689b2d5def66f04eb3b0905d7b65084) Importer(2089858483,192608db42251d675da83286b1cce702)
Start importing Assets/RPGPP_LT/Prefabs/Props/Misc/rpgpp_lt_bird_house_01.prefab using Guid(7689b2d5def66f04eb3b0905d7b65084) Importer(2089858483,192608db42251d675da83286b1cce702) (ScriptedImporter) -> (artifact id: '24fe071cff32fc3cc10bb8fed10c6b51') in 0.0173388 seconds
Number of updated asset objects reloaded before import = 0Number of asset objects unloaded after import = 8

========================================================================
Received Import Request.
  Time since last request: 0.000039 seconds.
  path: Assets/RPGPP_LT/Prefabs/Props/Shields
  artifactKey: Guid(da9c312667c8c3e4b96d68633b05f959) Importer(2089858483,192608db42251d675da83286b1cce702)
Start importing Assets/RPGPP_LT/Prefabs/Props/Shields using Guid(da9c312667c8c3e4b96d68633b05f959) Importer(2089858483,192608db42251d675da83286b1cce702) (ScriptedImporter) -> (artifact id: '0ef4b4ef298917715c35acd0443237a6') in 0.0128384 seconds
Number of updated asset objects reloaded before import = 0Number of asset objects unloaded after import = 1

========================================================================
Received Import Request.
  Time since last request: 0.000025 seconds.
  path: Assets/RPGPP_LT/Prefabs/Props/Items/rpgpp_lt_rake_01.prefab
  artifactKey: Guid(b44415eef131de742a4190453fc4d68e) Importer(2089858483,3d70f49cd1c2eb9ae422958d1c652c6b)
Start importing Assets/RPGPP_LT/Prefabs/Props/Items/rpgpp_lt_rake_01.prefab using Guid(b44415eef131de742a4190453fc4d68e) Importer(2089858483,3d70f49cd1c2eb9ae422958d1c652c6b) (ScriptedImporter) -> (artifact id: '1cd21cfbd64ed1a3d10aa4d39a618321') in 0.0119094 seconds
Number of updated asset objects reloaded before import = 0Number of asset objects unloaded after import = 8

========================================================================
Received Import Request.
  Time since last request: 0.000026 seconds.
  path: Assets/RPGPP_LT/Prefabs/Nature/Vegetation/Flowers/rpgpp_lt_flower_03.prefab
  artifactKey: Guid(f71e980e020ab924ebed9a227a648ec8) Importer(2089858483,192608db42251d675da83286b1cce702)
Start importing Assets/RPGPP_LT/Prefabs/Nature/Vegetation/Flowers/rpgpp_lt_flower_03.prefab using Guid(f71e980e020ab924ebed9a227a648ec8) Importer(2089858483,192608db42251d675da83286b1cce702) (ScriptedImporter) -> (artifact id: '81d6fe0993edcf82fc160482819ce31f') in 0.0268645 seconds
Number of updated asset objects reloaded before import = 0Number of asset objects unloaded after import = 8

========================================================================
Received Import Request.
  Time since last request: 0.000031 seconds.
  path: Assets/RPGPP_LT/Models/Props/rpgpp_lt_bathtub_wood_01.fbx
  artifactKey: Guid(1a8449922d22bae4791e0335226fa1aa) Importer(2089858483,192608db42251d675da83286b1cce702)
Start importing Assets/RPGPP_LT/Models/Props/rpgpp_lt_bathtub_wood_01.fbx using Guid(1a8449922d22bae4791e0335226fa1aa) Importer(2089858483,192608db42251d675da83286b1cce702) (ScriptedImporter) -> (artifact id: '98736b1b464dcde15369351b26455de0') in 0.0257936 seconds
Number of updated asset objects reloaded before import = 0Number of asset objects unloaded after import = 7

========================================================================
Received Import Request.
  Time since last request: 0.000034 seconds.
  path: Assets/RPGPP_LT/Prefabs/Exterior/Wood_path/rpgpp_lt_fence_wood_02a.prefab
  artifactKey: Guid(e4a3c0459c0676f4a81d72f14ce79673) Importer(2089858483,192608db42251d675da83286b1cce702)
Start importing Assets/RPGPP_LT/Prefabs/Exterior/Wood_path/rpgpp_lt_fence_wood_02a.prefab using Guid(e4a3c0459c0676f4a81d72f14ce79673) Importer(2089858483,192608db42251d675da83286b1cce702) (ScriptedImporter) -> (artifact id: 'dab08377c18f3fe634484d3e2a7356fe') in 0.0295338 seconds
Number of updated asset objects reloaded before import = 0Number of asset objects unloaded after import = 14

========================================================================
Received Import Request.
  Time since last request: 0.000026 seconds.
  path: Assets/RPGPP_LT/Prefabs/Nature/Vegetation/Grass
  artifactKey: Guid(8edd0bcc1fb2d1b4ebab6673d1d675c1) Importer(2089858483,192608db42251d675da83286b1cce702)
Start importing Assets/RPGPP_LT/Prefabs/Nature/Vegetation/Grass using Guid(8edd0bcc1fb2d1b4ebab6673d1d675c1) Importer(2089858483,192608db42251d675da83286b1cce702) (ScriptedImporter) -> (artifact id: 'eeac955bf3feab01c5d52f301f00d63d') in 0.0090053 seconds
Number of updated asset objects reloaded before import = 0Number of asset objects unloaded after import = 1

========================================================================
Received Import Request.
  Time since last request: 0.000031 seconds.
  path: Assets/PurePoly
  artifactKey: Guid(b205021e2bf4ea642b330408f5504818) Importer(2089858483,192608db42251d675da83286b1cce702)
Start importing Assets/PurePoly using Guid(b205021e2bf4ea642b330408f5504818) Importer(2089858483,192608db42251d675da83286b1cce702) (ScriptedImporter) -> (artifact id: 'ecf97ed5793ff88242773d6a0ce1d815') in 0.010399 seconds
Number of updated asset objects reloaded before import = 0Number of asset objects unloaded after import = 1

========================================================================
Received Import Request.
  Time since last request: 0.000040 seconds.
  path: Assets/RPGPP_LT/Prefabs/Props/Wood/rpgpp_lt_log_wood_02b.prefab
  artifactKey: Guid(74a2d3b7b534b064fa056b98d5ea224f) Importer(2089858483,192608db42251d675da83286b1cce702)
Start importing Assets/RPGPP_LT/Prefabs/Props/Wood/rpgpp_lt_log_wood_02b.prefab using Guid(74a2d3b7b534b064fa056b98d5ea224f) Importer(2089858483,192608db42251d675da83286b1cce702) (ScriptedImporter) -> (artifact id: '00534bb180e9e510dfe136854a8af8e8') in 0.0225793 seconds
Number of updated asset objects reloaded before import = 0Number of asset objects unloaded after import = 14

========================================================================
Received Import Request.
  Time since last request: 0.000025 seconds.
  path: Assets/RPGPP_LT/Models/Nature/rpgpp_lt_tree_pine_01.fbx
  artifactKey: Guid(58c79ebc04f48c74fa4869c3f7d941fd) Importer(2089858483,192608db42251d675da83286b1cce702)
Start importing Assets/RPGPP_LT/Models/Nature/rpgpp_lt_tree_pine_01.fbx using Guid(58c79ebc04f48c74fa4869c3f7d941fd) Importer(2089858483,192608db42251d675da83286b1cce702) (ScriptedImporter) -> (artifact id: '3e359885bb79da26be409d1cffa47074') in 0.0249046 seconds
Number of updated asset objects reloaded before import = 0Number of asset objects unloaded after import = 7

========================================================================
Received Import Request.
  Time since last request: 0.000030 seconds.
  path: Assets/Fantasy Forest Environment Free Sample/Scenes/New Terrain.asset
  artifactKey: Guid(02bc0e2176f6a4e4ea3faf0c622664cf) Importer(2089858483,192608db42251d675da83286b1cce702)
Start importing Assets/Fantasy Forest Environment Free Sample/Scenes/New Terrain.asset using Guid(02bc0e2176f6a4e4ea3faf0c622664cf) Importer(2089858483,192608db42251d675da83286b1cce702) (ScriptedImporter) -> (artifact id: '5108e9564575b69c845c5d823157b71c') in 0.0929746 seconds
Number of updated asset objects reloaded before import = 0Number of asset objects unloaded after import = 38

========================================================================
Received Import Request.
  Time since last request: 0.000039 seconds.
  path: Assets/Fantasy Forest Environment Free Sample/Materials/tree_branches.mat
  artifactKey: Guid(16a185093c7e02d40a49265c23c74417) Importer(2089858483,192608db42251d675da83286b1cce702)
Start importing Assets/Fantasy Forest Environment Free Sample/Materials/tree_branches.mat using Guid(16a185093c7e02d40a49265c23c74417) Importer(2089858483,192608db42251d675da83286b1cce702) (ScriptedImporter) -> (artifact id: 'b1e7ba2aac2e33a49fb70c45f511c0bf') in 0.0213217 seconds
Number of updated asset objects reloaded before import = 0Number of asset objects unloaded after import = 2

========================================================================
Received Import Request.
  Time since last request: 0.000022 seconds.
  path: Assets/Fantasy Forest Environment Free Sample/Textures/dirt01.tga
  artifactKey: Guid(30ec70ef60a2bb54ea2df6f72c77bdc6) Importer(2089858483,192608db42251d675da83286b1cce702)
Start importing Assets/Fantasy Forest Environment Free Sample/Textures/dirt01.tga using Guid(30ec70ef60a2bb54ea2df6f72c77bdc6) Importer(2089858483,192608db42251d675da83286b1cce702) (ScriptedImporter) -> (artifact id: '1a69b9a5333616cbd90e379d29be94de') in 0.0812404 seconds
Number of updated asset objects reloaded before import = 0Number of asset objects unloaded after import = 1

========================================================================
Received Import Request.
  Time since last request: 0.000030 seconds.
  path: Assets/Fantasy Forest Environment Free Sample/StandardNoCulling.shader
  artifactKey: Guid(717bc8f73d5aea64caef02a0c07b1e3a) Importer(2089858483,192608db42251d675da83286b1cce702)
Start importing Assets/Fantasy Forest Environment Free Sample/StandardNoCulling.shader using Guid(717bc8f73d5aea64caef02a0c07b1e3a) Importer(2089858483,192608db42251d675da83286b1cce702) (ScriptedImporter) -> (artifact id: 'cc5213c431d3dbb7b7b5d780bdcef759') in 0.0236771 seconds
Number of updated asset objects reloaded before import = 0Number of asset objects unloaded after import = 1

========================================================================
Received Import Request.
  Time since last request: 0.000047 seconds.
  path: Assets/Polytope Studio/Lowpoly_Demos/Environment_Free/Helpers/Terrain/TerrainData_d3c37e8d-6092-48f4-b81e-93b97326e4d2.asset
  artifactKey: Guid(dbe8ee5abb1344a4e8a8b80348f13db8) Importer(2089858483,3d70f49cd1c2eb9ae422958d1c652c6b)
Start importing Assets/Polytope Studio/Lowpoly_Demos/Environment_Free/Helpers/Terrain/TerrainData_d3c37e8d-6092-48f4-b81e-93b97326e4d2.asset using Guid(dbe8ee5abb1344a4e8a8b80348f13db8) Importer(2089858483,3d70f49cd1c2eb9ae422958d1c652c6b) (ScriptedImporter) -> (artifact id: '72988c066de8bcc384d374bc85ce4fbe') in 0.0259289 seconds
Number of updated asset objects reloaded before import = 0Number of asset objects unloaded after import = 22

========================================================================
Received Import Request.
  Time since last request: 0.000035 seconds.
  path: Assets/Polytope Studio/Lowpoly_Environments/Sources/Textures/PT_Grass_01.png
  artifactKey: Guid(1b92b31acbcdce24ba9dc6d01dbc2e84) Importer(2089858483,192608db42251d675da83286b1cce702)
Start importing Assets/Polytope Studio/Lowpoly_Environments/Sources/Textures/PT_Grass_01.png using Guid(1b92b31acbcdce24ba9dc6d01dbc2e84) Importer(2089858483,192608db42251d675da83286b1cce702) (ScriptedImporter) -> (artifact id: '91a7bdc8f11bdc999440d675e91c1f9c') in 0.0304433 seconds
Number of updated asset objects reloaded before import = 0Number of asset objects unloaded after import = 1

========================================================================
Received Import Request.
  Time since last request: 0.000028 seconds.
  path: Assets/Polytope Studio/Lowpoly_Environments/Sources/Materials/PT_Generic_Leaf_mat.mat
  artifactKey: Guid(aac20e0005fef5248bc0774a19a05e87) Importer(2089858483,192608db42251d675da83286b1cce702)
Start importing Assets/Polytope Studio/Lowpoly_Environments/Sources/Materials/PT_Generic_Leaf_mat.mat using Guid(aac20e0005fef5248bc0774a19a05e87) Importer(2089858483,192608db42251d675da83286b1cce702) (ScriptedImporter) -> (artifact id: 'e379aa353c2964a7bc44fbc96733e72b') in 0.2036478 seconds
Number of updated asset objects reloaded before import = 0Number of asset objects unloaded after import = 1

========================================================================
Received Import Request.
  Time since last request: 0.000042 seconds.
  path: Assets/SazenGames/Skeleton/Scripts/SimpleCameraController.cs
  artifactKey: Guid(82e26807fca401943a61ddd7b3fabe6d) Importer(2089858483,192608db42251d675da83286b1cce702)
Start importing Assets/SazenGames/Skeleton/Scripts/SimpleCameraController.cs using Guid(82e26807fca401943a61ddd7b3fabe6d) Importer(2089858483,192608db42251d675da83286b1cce702) (ScriptedImporter) -> (artifact id: '2b867eddf79bf0d225df429bff9a9a16') in 0.0098911 seconds
Number of updated asset objects reloaded before import = 0Number of asset objects unloaded after import = 0

========================================================================
Received Import Request.
  Time since last request: 0.000026 seconds.
  path: Assets/Polytope Studio/Lowpoly_Environments/Prefabs/Trees/PT_Fruit_Tree_01_green.prefab
  artifactKey: Guid(c31bf8ec8e29cd74f9fb9a970fde7a53) Importer(2089858483,192608db42251d675da83286b1cce702)
Start importing Assets/Polytope Studio/Lowpoly_Environments/Prefabs/Trees/PT_Fruit_Tree_01_green.prefab using Guid(c31bf8ec8e29cd74f9fb9a970fde7a53) Importer(2089858483,192608db42251d675da83286b1cce702) (ScriptedImporter) -> (artifact id: 'f94667c3fc2eefff225e7704f2863fb3') in 0.0186799 seconds
Number of updated asset objects reloaded before import = 0Number of asset objects unloaded after import = 20

========================================================================
Received Import Request.
  Time since last request: 0.000030 seconds.
  path: Assets/Polytope Studio/Lowpoly_Environments/Prefabs/Rocks/PT_Generic_Rock_01.prefab
  artifactKey: Guid(58cd8dc8c2359174baa15aa31e302c8b) Importer(2089858483,192608db42251d675da83286b1cce702)
Start importing Assets/Polytope Studio/Lowpoly_Environments/Prefabs/Rocks/PT_Generic_Rock_01.prefab using Guid(58cd8dc8c2359174baa15aa31e302c8b) Importer(2089858483,192608db42251d675da83286b1cce702) (ScriptedImporter) -> (artifact id: 'b86373ea4a5107902b37351f69a13770') in 0.051 seconds
Number of updated asset objects reloaded before import = 0Number of asset objects unloaded after import = 20

========================================================================
Received Import Request.
  Time since last request: 0.000043 seconds.
  path: Assets/Polytope Studio/Lowpoly_Environments/Sources/Meshes/Rocks/PT_Ore_Rock_01.fbx
  artifactKey: Guid(a9129ae83f8faf646961b70c4b103833) Importer(2089858483,192608db42251d675da83286b1cce702)
Start importing Assets/Polytope Studio/Lowpoly_Environments/Sources/Meshes/Rocks/PT_Ore_Rock_01.fbx using Guid(a9129ae83f8faf646961b70c4b103833) Importer(2089858483,192608db42251d675da83286b1cce702) (ScriptedImporter) -> (artifact id: '308f8d4f9e72b3c5ad45638de358a997') in 0.035937 seconds
Number of updated asset objects reloaded before import = 0Number of asset objects unloaded after import = 20

========================================================================
Received Import Request.
  Time since last request: 0.000033 seconds.
  path: Assets/PurePoly/Free Fantasy RPG Weapons/Prefabs/PP_Theme_09_Key_002.prefab
  artifactKey: Guid(fd7df93bfa8c5ae4cbd5c92f89264a47) Importer(2089858483,192608db42251d675da83286b1cce702)
Start importing Assets/PurePoly/Free Fantasy RPG Weapons/Prefabs/PP_Theme_09_Key_002.prefab using Guid(fd7df93bfa8c5ae4cbd5c92f89264a47) Importer(2089858483,192608db42251d675da83286b1cce702) (ScriptedImporter) -> (artifact id: '46677d106505c9984dfec3da9a301b01') in 0.0265074 seconds
Number of updated asset objects reloaded before import = 0Number of asset objects unloaded after import = 9

========================================================================
Received Import Request.
  Time since last request: 0.000044 seconds.
  path: Assets/Polytope Studio/Lowpoly_Environments/Sources/Meshes/Rocks
  artifactKey: Guid(710655db3a8505840bbf816762a7887b) Importer(2089858483,192608db42251d675da83286b1cce702)
Start importing Assets/Polytope Studio/Lowpoly_Environments/Sources/Meshes/Rocks using Guid(710655db3a8505840bbf816762a7887b) Importer(2089858483,192608db42251d675da83286b1cce702) (ScriptedImporter) -> (artifact id: '0a931c377b87837cb8db117183623aed') in 0.0203242 seconds
Number of updated asset objects reloaded before import = 0Number of asset objects unloaded after import = 1

========================================================================
Received Import Request.
  Time since last request: 0.000064 seconds.
  path: Assets/Polytope Studio/Lowpoly_Village/Prefabs/Modular/Fence/PT_Modular_Gate_Wood_01.prefab
  artifactKey: Guid(5db93e6325024c749aa2663b9998053d) Importer(2089858483,192608db42251d675da83286b1cce702)
Start importing Assets/Polytope Studio/Lowpoly_Village/Prefabs/Modular/Fence/PT_Modular_Gate_Wood_01.prefab using Guid(5db93e6325024c749aa2663b9998053d) Importer(2089858483,192608db42251d675da83286b1cce702) (ScriptedImporter) -> (artifact id: '84f0947c7cab53f7b03f81b2849156a3') in 0.0160974 seconds
Number of updated asset objects reloaded before import = 0Number of asset objects unloaded after import = 22

========================================================================
Received Import Request.
  Time since last request: 0.000027 seconds.
  path: Assets/Polytope Studio/Lowpoly_Environments/Sources/Meshes/Trees/PT_Pine_Tree_03_dead_cut.fbx
  artifactKey: Guid(3b8d3c0077d69eb4db5ee5754518f067) Importer(2089858483,192608db42251d675da83286b1cce702)
Start importing Assets/Polytope Studio/Lowpoly_Environments/Sources/Meshes/Trees/PT_Pine_Tree_03_dead_cut.fbx using Guid(3b8d3c0077d69eb4db5ee5754518f067) Importer(2089858483,192608db42251d675da83286b1cce702) (ScriptedImporter) -> (artifact id: '2d4a3470ab1ac8c7dad25c7127a07d0c') in 0.034288 seconds
Number of updated asset objects reloaded before import = 0Number of asset objects unloaded after import = 8

========================================================================
Received Import Request.
  Time since last request: 0.000030 seconds.
  path: Assets/Polytope Studio/Lowpoly_Environments/Prefabs/Trees/PT_Fruit_Tree_01_plums.prefab
  artifactKey: Guid(367ab66e2689a8345a8fb8fd14a4f90c) Importer(2089858483,192608db42251d675da83286b1cce702)
Start importing Assets/Polytope Studio/Lowpoly_Environments/Prefabs/Trees/PT_Fruit_Tree_01_plums.prefab using Guid(367ab66e2689a8345a8fb8fd14a4f90c) Importer(2089858483,192608db42251d675da83286b1cce702) (ScriptedImporter) -> (artifact id: '6fdead15def42884f1e779223135789d') in 0.0289046 seconds
Number of updated asset objects reloaded before import = 0Number of asset objects unloaded after import = 20

========================================================================
Received Import Request.
  Time since last request: 0.000037 seconds.
  path: Assets/Polytope Studio/Lowpoly_Demos/Environment_Free/Helpers/Terrain/TerrainData_ff4b5190-b520-4d46-b960-ee1d0967df26.asset
  artifactKey: Guid(3349f3f4495a62f40895e095545b535e) Importer(2089858483,192608db42251d675da83286b1cce702)
Start importing Assets/Polytope Studio/Lowpoly_Demos/Environment_Free/Helpers/Terrain/TerrainData_ff4b5190-b520-4d46-b960-ee1d0967df26.asset using Guid(3349f3f4495a62f40895e095545b535e) Importer(2089858483,192608db42251d675da83286b1cce702) (ScriptedImporter) -> (artifact id: '034d3378886b789871f6ab6a25c8ce1c') in 0.0310497 seconds
Number of updated asset objects reloaded before import = 0Number of asset objects unloaded after import = 23

========================================================================
Received Import Request.
  Time since last request: 0.000031 seconds.
  path: Assets/Polytope Studio/Lowpoly_Demos/Environment_Free/Helpers/Ground_Layer_01.terrainlayer
  artifactKey: Guid(52ac57c2c14c60b4d88913beb57dce00) Importer(2089858483,192608db42251d675da83286b1cce702)
Start importing Assets/Polytope Studio/Lowpoly_Demos/Environment_Free/Helpers/Ground_Layer_01.terrainlayer using Guid(52ac57c2c14c60b4d88913beb57dce00) Importer(2089858483,192608db42251d675da83286b1cce702) (ScriptedImporter) -> (artifact id: '0cefb6269a44695bb48a750c567139be') in 0.0162983 seconds
Number of updated asset objects reloaded before import = 0Number of asset objects unloaded after import = 2

========================================================================
Received Import Request.
  Time since last request: 0.000036 seconds.
  path: Assets/PurePoly/Free Fantasy RPG Weapons/Meshes/PP_Theme_01_Arrow_001.fbx
  artifactKey: Guid(ad69428b44c938e48ad6d8d96d1c7e78) Importer(2089858483,192608db42251d675da83286b1cce702)
Start importing Assets/PurePoly/Free Fantasy RPG Weapons/Meshes/PP_Theme_01_Arrow_001.fbx using Guid(ad69428b44c938e48ad6d8d96d1c7e78) Importer(2089858483,192608db42251d675da83286b1cce702) (ScriptedImporter) -> (artifact id: '6e30d9daf8d9d58ce93b600afe511ec8') in 0.028092 seconds
Number of updated asset objects reloaded before import = 0Number of asset objects unloaded after import = 7

========================================================================
Received Import Request.
  Time since last request: 0.000040 seconds.
  path: Assets/Polytope Studio/Lowpoly_Village/Sources/Meshes
  artifactKey: Guid(6250bab4ccf188c4d97251a33d790370) Importer(2089858483,192608db42251d675da83286b1cce702)
Start importing Assets/Polytope Studio/Lowpoly_Village/Sources/Meshes using Guid(6250bab4ccf188c4d97251a33d790370) Importer(2089858483,192608db42251d675da83286b1cce702) (ScriptedImporter) -> (artifact id: '5c45f4c1bcc5f3f72a3fdee8767e63c3') in 0.0081753 seconds
Number of updated asset objects reloaded before import = 0Number of asset objects unloaded after import = 1

========================================================================
Received Import Request.
  Time since last request: 0.000027 seconds.
  path: Assets/Polytope Studio/Lowpoly_Environments/Sources/Textures/PT_Generic_Leaves_01.png
  artifactKey: Guid(55a083d549e055045948e2083099df16) Importer(2089858483,192608db42251d675da83286b1cce702)
Start importing Assets/Polytope Studio/Lowpoly_Environments/Sources/Textures/PT_Generic_Leaves_01.png using Guid(55a083d549e055045948e2083099df16) Importer(2089858483,192608db42251d675da83286b1cce702) (ScriptedImporter) -> (artifact id: 'f4650c24565c6e2a8a5b7cf6c7294ddf') in 0.0296189 seconds
Number of updated asset objects reloaded before import = 0Number of asset objects unloaded after import = 1

========================================================================
Received Import Request.
  Time since last request: 0.000029 seconds.
  path: Assets/Polytope Studio/Lowpoly_Environments/Sources/Materials/PT_Grass_Mat.mat
  artifactKey: Guid(09473d06882d1414b84b1fdb7a095516) Importer(2089858483,192608db42251d675da83286b1cce702)
Start importing Assets/Polytope Studio/Lowpoly_Environments/Sources/Materials/PT_Grass_Mat.mat using Guid(09473d06882d1414b84b1fdb7a095516) Importer(2089858483,192608db42251d675da83286b1cce702) (ScriptedImporter) -> (artifact id: 'acb615e768465f10d732af92bce9c623') in 0.0221405 seconds
Number of updated asset objects reloaded before import = 0Number of asset objects unloaded after import = 2

========================================================================
Received Import Request.
  Time since last request: 0.000040 seconds.
  path: Assets/Polytope Studio/Lowpoly_Environments/Prefabs/Trees/PT_Fruit_Tree_01_apples.prefab
  artifactKey: Guid(e05ae677c7b3bc546bd36b488586fb0c) Importer(2089858483,192608db42251d675da83286b1cce702)
Start importing Assets/Polytope Studio/Lowpoly_Environments/Prefabs/Trees/PT_Fruit_Tree_01_apples.prefab using Guid(e05ae677c7b3bc546bd36b488586fb0c) Importer(2089858483,192608db42251d675da83286b1cce702) (ScriptedImporter) -> (artifact id: '4be8411ee695592c47c57d942fb7df3a') in 0.0215484 seconds
Number of updated asset objects reloaded before import = 0Number of asset objects unloaded after import = 20

========================================================================
Received Import Request.
  Time since last request: 0.000025 seconds.
  path: Assets/RPGPP_LT/Prefabs/Props/Containers/rpgpp_lt_bathtub_wood_01.prefab
  artifactKey: Guid(d354bbf6d0a7bc543b86d5b1337c7933) Importer(2089858483,3d70f49cd1c2eb9ae422958d1c652c6b)
Start importing Assets/RPGPP_LT/Prefabs/Props/Containers/rpgpp_lt_bathtub_wood_01.prefab using Guid(d354bbf6d0a7bc543b86d5b1337c7933) Importer(2089858483,3d70f49cd1c2eb9ae422958d1c652c6b) (ScriptedImporter) -> (artifact id: '210de2c12561fe8053192092029e899f') in 0.0114429 seconds
Number of updated asset objects reloaded before import = 0Number of asset objects unloaded after import = 8

========================================================================
Received Import Request.
  Time since last request: 0.000031 seconds.
  path: Assets/Polytope Studio/Lowpoly_Environments/Sources/Textures/PT_Ground_Grass_Green_01.png
  artifactKey: Guid(8c75ba30e5f76df4fb30725e4c9bf38a) Importer(2089858483,192608db42251d675da83286b1cce702)
Start importing Assets/Polytope Studio/Lowpoly_Environments/Sources/Textures/PT_Ground_Grass_Green_01.png using Guid(8c75ba30e5f76df4fb30725e4c9bf38a) Importer(2089858483,192608db42251d675da83286b1cce702) (ScriptedImporter) -> (artifact id: 'e62cd64820bf95970103f5b23b6662f4') in 0.0277802 seconds
Number of updated asset objects reloaded before import = 0Number of asset objects unloaded after import = 1

========================================================================
Received Import Request.
  Time since last request: 0.000043 seconds.
  path: Assets/Polytope Studio/Lowpoly_Environments/Sources/Textures/PT_Grass_02.png
  artifactKey: Guid(f2a86d9c4950f4c4e81271677d2e2624) Importer(2089858483,192608db42251d675da83286b1cce702)
Start importing Assets/Polytope Studio/Lowpoly_Environments/Sources/Textures/PT_Grass_02.png using Guid(f2a86d9c4950f4c4e81271677d2e2624) Importer(2089858483,192608db42251d675da83286b1cce702) (ScriptedImporter) -> (artifact id: 'bbde33b8f6d7e60ad97345f724d4bcad') in 0.0307171 seconds
Number of updated asset objects reloaded before import = 0Number of asset objects unloaded after import = 1

========================================================================
Received Import Request.
  Time since last request: 0.000020 seconds.
  path: Assets/Polytope Studio/Lowpoly_Environments/Sources/Textures/PT_Grass_High_03.png
  artifactKey: Guid(4d7ad2aaddf58dc4e8dc116239a8d744) Importer(2089858483,192608db42251d675da83286b1cce702)
Start importing Assets/Polytope Studio/Lowpoly_Environments/Sources/Textures/PT_Grass_High_03.png using Guid(4d7ad2aaddf58dc4e8dc116239a8d744) Importer(2089858483,192608db42251d675da83286b1cce702) (ScriptedImporter) -> (artifact id: '96e06fd1616a7e72e6bcd40964b86065') in 0.0249435 seconds
Number of updated asset objects reloaded before import = 0Number of asset objects unloaded after import = 1

========================================================================
Received Import Request.
  Time since last request: 0.000026 seconds.
  path: Assets/PurePoly/Free Fantasy RPG Weapons/Meshes/PP_Theme_05_Dynamite_003.fbx
  artifactKey: Guid(7841e860bdc259f46a11daf0a2d503f1) Importer(2089858483,192608db42251d675da83286b1cce702)
Start importing Assets/PurePoly/Free Fantasy RPG Weapons/Meshes/PP_Theme_05_Dynamite_003.fbx using Guid(7841e860bdc259f46a11daf0a2d503f1) Importer(2089858483,192608db42251d675da83286b1cce702) (ScriptedImporter) -> (artifact id: '39b45b4eb06437b36ea5caf264a1cb42') in 0.0236163 seconds
Number of updated asset objects reloaded before import = 0Number of asset objects unloaded after import = 7

========================================================================
Received Import Request.
  Time since last request: 0.000043 seconds.
  path: Assets/Polytope Studio/Lowpoly_Environments/Sources/Materials
  artifactKey: Guid(c79904a7cd1e74c488b60bd79b66ed54) Importer(2089858483,192608db42251d675da83286b1cce702)
Start importing Assets/Polytope Studio/Lowpoly_Environments/Sources/Materials using Guid(c79904a7cd1e74c488b60bd79b66ed54) Importer(2089858483,192608db42251d675da83286b1cce702) (ScriptedImporter) -> (artifact id: 'f3f93595de6b2aa2cd640f83e99a7266') in 0.0101556 seconds
Number of updated asset objects reloaded before import = 0Number of asset objects unloaded after import = 1

========================================================================
Received Import Request.
  Time since last request: 0.000027 seconds.
  path: Assets/Polytope Studio/Lowpoly_Village/Prefabs/Modular/Fence
  artifactKey: Guid(3d254d49ff5ec1f458f7a2fbae9555d2) Importer(2089858483,192608db42251d675da83286b1cce702)
Start importing Assets/Polytope Studio/Lowpoly_Village/Prefabs/Modular/Fence using Guid(3d254d49ff5ec1f458f7a2fbae9555d2) Importer(2089858483,192608db42251d675da83286b1cce702) (ScriptedImporter) -> (artifact id: '39656f6eb2bdeeccce6b6b18cc13a33c') in 0.0113259 seconds
Number of updated asset objects reloaded before import = 0Number of asset objects unloaded after import = 1

========================================================================
Received Import Request.
  Time since last request: 0.000027 seconds.
  path: Assets/SazenGames/Skeleton/Art/Animations/Skeleton_fall.fbx
  artifactKey: Guid(b3175ff2052d36d449f784bb41bf92f2) Importer(2089858483,192608db42251d675da83286b1cce702)
Start importing Assets/SazenGames/Skeleton/Art/Animations/Skeleton_fall.fbx using Guid(b3175ff2052d36d449f784bb41bf92f2) Importer(2089858483,192608db42251d675da83286b1cce702) (ScriptedImporter) -> (artifact id: 'aa16a842bc3af84a2531da9ab5cfaeba') in 0.0632587 seconds
Number of updated asset objects reloaded before import = 0Number of asset objects unloaded after import = 174

========================================================================
Received Import Request.
  Time since last request: 0.000044 seconds.
  path: Assets/RPGPP_LT/Prefabs/Props/Containers
  artifactKey: Guid(fc5bc5139597e9345b4ed47ff049af1a) Importer(2089858483,192608db42251d675da83286b1cce702)
Start importing Assets/RPGPP_LT/Prefabs/Props/Containers using Guid(fc5bc5139597e9345b4ed47ff049af1a) Importer(2089858483,192608db42251d675da83286b1cce702) (ScriptedImporter) -> (artifact id: '218883b6d1e5996457749bf73eb30b9c') in 0.010326 seconds
Number of updated asset objects reloaded before import = 0Number of asset objects unloaded after import = 1

========================================================================
Received Import Request.
  Time since last request: 0.000027 seconds.
  path: Assets/PurePoly/Free Fantasy RPG Weapons/Prefabs/PP_Theme_08_Wand_001.prefab
  artifactKey: Guid(ac911dff3c449f54bbd04beffadcf9c1) Importer(2089858483,3d70f49cd1c2eb9ae422958d1c652c6b)
Start importing Assets/PurePoly/Free Fantasy RPG Weapons/Prefabs/PP_Theme_08_Wand_001.prefab using Guid(ac911dff3c449f54bbd04beffadcf9c1) Importer(2089858483,3d70f49cd1c2eb9ae422958d1c652c6b) (ScriptedImporter) -> (artifact id: 'f01bd7aef1adba50076fef9159b45417') in 0.0145616 seconds
Number of updated asset objects reloaded before import = 0Number of asset objects unloaded after import = 9

========================================================================
Received Import Request.
  Time since last request: 0.000029 seconds.
  path: Assets/PurePoly/Free Fantasy RPG Weapons/Prefabs/PP_Theme_09_Spear_005.prefab
  artifactKey: Guid(5b461363c3ad570408bfe9eb2a74ee40) Importer(2089858483,3d70f49cd1c2eb9ae422958d1c652c6b)
Start importing Assets/PurePoly/Free Fantasy RPG Weapons/Prefabs/PP_Theme_09_Spear_005.prefab using Guid(5b461363c3ad570408bfe9eb2a74ee40) Importer(2089858483,3d70f49cd1c2eb9ae422958d1c652c6b) (ScriptedImporter) -> (artifact id: '730bfbe3e17d5b389a65e294bcc8eba2') in 0.0128771 seconds
Number of updated asset objects reloaded before import = 0Number of asset objects unloaded after import = 9

========================================================================
Received Import Request.
  Time since last request: 0.000083 seconds.
  path: Assets/Polytope Studio/Lowpoly_Demos/Environment_Free/Helpers/Terrain/TerrainData_984456c3-d32f-475f-a118-27bb19f92a65.asset
  artifactKey: Guid(abd9fc8a29ea3f549bf82c3d3b8c843f) Importer(2089858483,3d70f49cd1c2eb9ae422958d1c652c6b)
Start importing Assets/Polytope Studio/Lowpoly_Demos/Environment_Free/Helpers/Terrain/TerrainData_984456c3-d32f-475f-a118-27bb19f92a65.asset using Guid(abd9fc8a29ea3f549bf82c3d3b8c843f) Importer(2089858483,3d70f49cd1c2eb9ae422958d1c652c6b) (ScriptedImporter) -> (artifact id: '43b7f40cd8a57b9f2702a97f53b9c8c0') in 0.0244068 seconds
Number of updated asset objects reloaded before import = 0Number of asset objects unloaded after import = 22

========================================================================
Received Import Request.
  Time since last request: 0.000026 seconds.
  path: Assets/SazenGames/Skeleton/Art/Demo Animator Controllers/death.overrideController
  artifactKey: Guid(d86f425e09bd3ff4fa0e23cbd09347a6) Importer(2089858483,192608db42251d675da83286b1cce702)
Start importing Assets/SazenGames/Skeleton/Art/Demo Animator Controllers/death.overrideController using Guid(d86f425e09bd3ff4fa0e23cbd09347a6) Importer(2089858483,192608db42251d675da83286b1cce702) (ScriptedImporter) -> (artifact id: '9583ef2b9147da7111161680f9b3152a') in 0.0177324 seconds
Number of updated asset objects reloaded before import = 0Number of asset objects unloaded after import = 6

========================================================================
Received Import Request.
  Time since last request: 0.000031 seconds.
  path: Assets/RPGPP_LT/Prefabs/Props/Containers/rpgpp_lt_crate_01.prefab
  artifactKey: Guid(6843ae0917d340a40acbc619a1f359e4) Importer(2089858483,192608db42251d675da83286b1cce702)
Start importing Assets/RPGPP_LT/Prefabs/Props/Containers/rpgpp_lt_crate_01.prefab using Guid(6843ae0917d340a40acbc619a1f359e4) Importer(2089858483,192608db42251d675da83286b1cce702) (ScriptedImporter) -> (artifact id: '56c0dea1633e10ae6465ef32e07aa0f0') in 0.0189497 seconds
Number of updated asset objects reloaded before import = 0Number of asset objects unloaded after import = 14

========================================================================
Received Import Request.
  Time since last request: 0.000043 seconds.
  path: Assets/EEJANAI_Team/FreeSwordAnimations/Animations/Animator/slash8.controller
  artifactKey: Guid(1d333ced94f3b7d408ba3ee05a178c59) Importer(2089858483,192608db42251d675da83286b1cce702)
Start importing Assets/EEJANAI_Team/FreeSwordAnimations/Animations/Animator/slash8.controller using Guid(1d333ced94f3b7d408ba3ee05a178c59) Importer(2089858483,192608db42251d675da83286b1cce702) (ScriptedImporter) -> (artifact id: '326e99de34988fabb2d60b558ccd8619') in 0.0255064 seconds
Number of updated asset objects reloaded before import = 0Number of asset objects unloaded after import = 4

========================================================================
Received Import Request.
  Time since last request: 0.000025 seconds.
  path: Assets/Polytope Studio/Lowpoly_Environments/Sources/Materials/PT_Rocks_mat.mat
  artifactKey: Guid(93415edde47040648869ae6638d33ced) Importer(2089858483,192608db42251d675da83286b1cce702)
Start importing Assets/Polytope Studio/Lowpoly_Environments/Sources/Materials/PT_Rocks_mat.mat using Guid(93415edde47040648869ae6638d33ced) Importer(2089858483,192608db42251d675da83286b1cce702) (ScriptedImporter) -> (artifact id: '68be8407246b29dc5e7e6a824092fe05') in 0.1162872 seconds
Number of updated asset objects reloaded before import = 0Number of asset objects unloaded after import = 3

========================================================================
Received Import Request.
  Time since last request: 0.000029 seconds.
  path: Assets/Polytope Studio/Lowpoly_Demos
  artifactKey: Guid(96a08e9b3a862214b8c94c891f9b5a83) Importer(2089858483,192608db42251d675da83286b1cce702)
Start importing Assets/Polytope Studio/Lowpoly_Demos using Guid(96a08e9b3a862214b8c94c891f9b5a83) Importer(2089858483,192608db42251d675da83286b1cce702) (ScriptedImporter) -> (artifact id: '3c63fb7b7ffe649e02abe777c287adcd') in 0.0136393 seconds
Number of updated asset objects reloaded before import = 0Number of asset objects unloaded after import = 1

========================================================================
Received Import Request.
  Time since last request: 0.000041 seconds.
  path: Assets/RPGPP_LT/Prefabs/Nature/Vegetation/Trees/rpgpp_lt_tree_pine_01.prefab
  artifactKey: Guid(22a3fd8d3e59a1149bdcd775c0e87241) Importer(2089858483,3d70f49cd1c2eb9ae422958d1c652c6b)
Start importing Assets/RPGPP_LT/Prefabs/Nature/Vegetation/Trees/rpgpp_lt_tree_pine_01.prefab using Guid(22a3fd8d3e59a1149bdcd775c0e87241) Importer(2089858483,3d70f49cd1c2eb9ae422958d1c652c6b) (ScriptedImporter) -> (artifact id: '98f7bc0cc9f0b2e8cc7643811065f923') in 0.0170744 seconds
Number of updated asset objects reloaded before import = 0Number of asset objects unloaded after import = 8

========================================================================
Received Import Request.
  Time since last request: 0.000027 seconds.
  path: Assets/RPGPP_LT/Prefabs/Props/Containers/rpgpp_lt_bowl_metal_01.prefab
  artifactKey: Guid(c20b40242fb425a48840e03f7f3a50f4) Importer(2089858483,3d70f49cd1c2eb9ae422958d1c652c6b)
Start importing Assets/RPGPP_LT/Prefabs/Props/Containers/rpgpp_lt_bowl_metal_01.prefab using Guid(c20b40242fb425a48840e03f7f3a50f4) Importer(2089858483,3d70f49cd1c2eb9ae422958d1c652c6b) (ScriptedImporter) -> (artifact id: '4b579abc4b5b9d3f4506ddaea7b783a1') in 0.0163166 seconds
Number of updated asset objects reloaded before import = 0Number of asset objects unloaded after import = 8

Editor requested this worker to shutdown with reason: balancing worker count downwards
AssetImportWorker is now disconnected from the server
Process exiting
Exiting without the bug reporter. Application will terminate with return code 0