Base path: 'D:/Program Files/Unity Editor/6000.0.34f1/Editor/Data', plugins path 'D:/Program Files/Unity Editor/6000.0.34f1/Editor/Data/PlaybackEngines'
Cmd: initializeCompiler

Cmd: compileSnippet
  insize=1217 file=Assets/MyAssets/Shaders/Toon/ToonShader.shader name=Custom/ToonShade pass=Default ppOnly=0 stripLineD=0 buildPlatform=19 rsLen=0 pKW=UNITY_ENABLE_REFLECTION_BUFFERS UNITY_USE_DITHER_MASK_FOR_ALPHABLENDED_SHADOWS UNITY_PBS_USE_BRDF1 UNITY_SPECCUBE_BOX_PROJECTION UNITY_SPECCUBE_BLENDING UNITY_ENABLE_DETAIL_NORMALMAP SHADER_API_DESKTOP UNITY_LIGHT_PROBE_PROXY_VOLUME UNITY_LIGHTMAP_FULL_HDR UNITY_PLATFORM_SUPPORTS_DEPTH_FETCH uKW=_CULL_OFF dKW=_CULL_FRONT _CULL_BACK _Toon INSTANCING_ON UNITY_NO_DXT5nm UNITY_FRAMEBUFFER_FETCH_AVAILABLE UNITY_METAL_SHADOWS_USE_POINT_FILTERING UNITY_NO_SCREENSPACE_SHADOWS UNITY_PBS_USE_BRDF2 UNITY_PBS_USE_BRDF3 UNITY_HARDWARE_TIER1 UNITY_HARDWARE_TIER2 UNITY_HARDWARE_TIER3 UNITY_COLORSPACE_GAMMA UNITY_LIGHTMAP_DLDR_ENCODING UNITY_LIGHTMAP_RGBM_ENCODING UNITY_VIRTUAL_TEXTURING UNITY_PRETRANSFORM_TO_DISPLAY_ORIENTATION UNITY_ASTC_NORMALMAP_ENCODING SHADER_API_GLES30 UNITY_UNIFIED_SHADER_PRECISION_MODEL flags=0 lang=3 type=Fragment platform=d3d11 reqs=227 mask=6 start=43  error: 1 plat 4 at Assets/MyAssets/Shaders/Toon/ToonForwardPass.hlsl(3): 'multi_compile' : unknown pragma ignored
  error: 1 plat 4 at Assets/MyAssets/Shaders/Toon/ToonForwardPass.hlsl(4): 'multi_compile' : unknown pragma ignored
  error: 1 plat 4 at Assets/MyAssets/Shaders/Toon/ToonForwardPass.hlsl(5): 'multi_compile' : unknown pragma ignored
  error: 1 plat 4 at Assets/MyAssets/Shaders/Toon/ToonForwardPass.hlsl(6): 'multi_compile_fragment' : unknown pragma ignored
  error: 1 plat 4 at Assets/MyAssets/Shaders/Toon/ToonForwardPass.hlsl(7): 'multi_compile_fragment' : unknown pragma ignored
  error: 1 plat 4 at Assets/MyAssets/Shaders/Toon/ToonForwardPass.hlsl(8): 'multi_compile_fragment' : unknown pragma ignored
  error: 1 plat 4 at Assets/MyAssets/Shaders/Toon/ToonForwardPass.hlsl(9): 'multi_compile_fragment' : unknown pragma ignored
  error: 1 plat 4 at Assets/MyAssets/Shaders/Toon/ToonForwardPass.hlsl(10): 'multi_compile_fragment' : unknown pragma ignored
  error: 1 plat 4 at Assets/MyAssets/Shaders/Toon/ToonForwardPass.hlsl(11): 'multi_compile_fragment' : unknown pragma ignored
  error: 1 plat 4 at Assets/MyAssets/Shaders/Toon/ToonForwardPass.hlsl(12): 'multi_compile_fragment' : unknown pragma ignored
  error: 1 plat 4 at Assets/MyAssets/Shaders/Toon/ToonForwardPass.hlsl(13): 'multi_compile' : unknown pragma ignored
  error: 1 plat 4 at Assets/MyAssets/Shaders/Toon/ToonForwardPass.hlsl(14): 'multi_compile' : unknown pragma ignored
  error: 1 plat 28 at Assets/MyAssets/Shaders/Toon/ToonForwardPass.hlsl(15): Treating '#include_with_pragmas' directive as '#include'
  error: 1 plat 28 at Assets/MyAssets/Shaders/Toon/ToonForwardPass.hlsl(16): Treating '#include_with_pragmas' directive as '#include'
  error: 1 plat 4 at Projects/Project02/Library/PackageCache/com.unity.render-pipelines.universal/ShaderLibrary/RenderingLayers.hlsl(4): 'multi_compile_fragment' : unknown pragma ignored
  error: 1 plat 4 at Projects/Project02/Library/PackageCache/com.unity.render-pipelines.universal/ShaderLibrary/RenderingLayers.hlsl(5): 'target' : unknown pragma ignored
 ok=1 outsize=3214

Cmd: compileSnippet
  insize=1256 file=Assets/MyAssets/Shaders/Toon/ToonShader.shader name=Custom/ToonShade pass=ShadowCaster ppOnly=0 stripLineD=0 buildPlatform=19 rsLen=0 pKW=UNITY_ENABLE_REFLECTION_BUFFERS UNITY_USE_DITHER_MASK_FOR_ALPHABLENDED_SHADOWS UNITY_PBS_USE_BRDF1 UNITY_SPECCUBE_BOX_PROJECTION UNITY_SPECCUBE_BLENDING UNITY_ENABLE_DETAIL_NORMALMAP SHADER_API_DESKTOP UNITY_LIGHT_PROBE_PROXY_VOLUME UNITY_LIGHTMAP_FULL_HDR UNITY_PLATFORM_SUPPORTS_DEPTH_FETCH UNITY_PASS_SHADOWCASTER uKW=_CULL_OFF INSTANCING_ON SHADOWS_DEPTH dKW=_CULL_FRONT _CULL_BACK _Toon SHADOWS_CUBE UNITY_NO_DXT5nm UNITY_FRAMEBUFFER_FETCH_AVAILABLE UNITY_METAL_SHADOWS_USE_POINT_FILTERING UNITY_NO_SCREENSPACE_SHADOWS UNITY_PBS_USE_BRDF2 UNITY_PBS_USE_BRDF3 UNITY_HARDWARE_TIER1 UNITY_HARDWARE_TIER2 UNITY_HARDWARE_TIER3 UNITY_COLORSPACE_GAMMA UNITY_LIGHTMAP_DLDR_ENCODING UNITY_LIGHTMAP_RGBM_ENCODING UNITY_VIRTUAL_TEXTURING UNITY_PRETRANSFORM_TO_DISPLAY_ORIENTATION UNITY_ASTC_NORMALMAP_ENCODING SHADER_API_GLES30 UNITY_UNIFIED_SHADER_PRECISION_MODEL flags=0 lang=3 type=Fragment platform=d3d11 reqs=2275 mask=6 start=50 ok=1 outsize=414

Cmd: compileSnippet
  insize=3606 file=Assets/MyAssets/Shaders/Toon/ToonShader.shader name=Custom/ToonShade pass=Default ppOnly=0 stripLineD=0 buildPlatform=19 rsLen=0 pKW=UNITY_ENABLE_REFLECTION_BUFFERS UNITY_USE_DITHER_MASK_FOR_ALPHABLENDED_SHADOWS UNITY_PBS_USE_BRDF1 UNITY_SPECCUBE_BOX_PROJECTION UNITY_SPECCUBE_BLENDING UNITY_ENABLE_DETAIL_NORMALMAP SHADER_API_DESKTOP UNITY_LIGHT_PROBE_PROXY_VOLUME UNITY_LIGHTMAP_FULL_HDR UNITY_PLATFORM_SUPPORTS_DEPTH_FETCH uKW=_CULL_OFF dKW=_ADDITIONAL_LIGHT_SHADOWS _REFLECTION_PROBE_BLENDING _REFLECTION_PROBE_BOX_PROJECTION _SHADOWS_SOFT _SHADOWS_SOFT_LOW _SHADOWS_SOFT_MEDIUM _SHADOWS_SOFT_HIGH _SCREEN_SPACE_OCCLUSION _DBUFFER_MRT1 _DBUFFER_MRT2 _DBUFFER_MRT3 _LIGHT_COOKIES _WRITE_RENDERING_LAYERS _CULL_FRONT _CULL_BACK _Toon _MAIN_LIGHT_SHADOWS _MAIN_LIGHT_SHADOWS_CASCADE _MAIN_LIGHT_SHADOWS_SCREEN _ADDITIONAL_LIGHTS_VERTEX _ADDITIONAL_LIGHTS EVALUATE_SH_MIXED EVALUATE_SH_VERTEX _LIGHT_LAYERS _FORWARD_PLUS INSTANCING_ON UNITY_NO_DXT5nm UNITY_FRAMEBUFFER_FETCH_AVAILABLE UNITY_METAL_SHADOWS_USE_POINT_FILTERING UNITY_NO_SCREENSPACE_SHADOWS UNITY_PBS_USE_BRDF2 UNITY_PBS_USE_BRDF3 UNITY_HARDWARE_TIER1 UNITY_HARDWARE_TIER2 UNITY_HARDWARE_TIER3 UNITY_COLORSPACE_GAMMA UNITY_LIGHTMAP_DLDR_ENCODING UNITY_LIGHTMAP_RGBM_ENCODING UNITY_VIRTUAL_TEXTURING UNITY_PRETRANSFORM_TO_DISPLAY_ORIENTATION UNITY_ASTC_NORMALMAP_ENCODING SHADER_API_GLES30 UNITY_UNIFIED_SHADER_PRECISION_MODEL flags=0 lang=3 type=Fragment platform=d3d11 reqs=227 mask=6 start=43  error: 1 plat 4 at Assets/MyAssets/Shaders/Toon/ToonForwardPass.hlsl(3): 'multi_compile' : unknown pragma ignored
  error: 1 plat 4 at Assets/MyAssets/Shaders/Toon/ToonForwardPass.hlsl(4): 'multi_compile' : unknown pragma ignored
  error: 1 plat 4 at Assets/MyAssets/Shaders/Toon/ToonForwardPass.hlsl(5): 'multi_compile' : unknown pragma ignored
  error: 1 plat 4 at Assets/MyAssets/Shaders/Toon/ToonForwardPass.hlsl(6): 'multi_compile_fragment' : unknown pragma ignored
  error: 1 plat 4 at Assets/MyAssets/Shaders/Toon/ToonForwardPass.hlsl(7): 'multi_compile_fragment' : unknown pragma ignored
  error: 1 plat 4 at Assets/MyAssets/Shaders/Toon/ToonForwardPass.hlsl(8): 'multi_compile_fragment' : unknown pragma ignored
  error: 1 plat 4 at Assets/MyAssets/Shaders/Toon/ToonForwardPass.hlsl(9): 'multi_compile_fragment' : unknown pragma ignored
  error: 1 plat 4 at Assets/MyAssets/Shaders/Toon/ToonForwardPass.hlsl(10): 'multi_compile_fragment' : unknown pragma ignored
  error: 1 plat 4 at Assets/MyAssets/Shaders/Toon/ToonForwardPass.hlsl(11): 'multi_compile_fragment' : unknown pragma ignored
  error: 1 plat 4 at Assets/MyAssets/Shaders/Toon/ToonForwardPass.hlsl(12): 'multi_compile_fragment' : unknown pragma ignored
  error: 1 plat 4 at Assets/MyAssets/Shaders/Toon/ToonForwardPass.hlsl(13): 'multi_compile' : unknown pragma ignored
  error: 1 plat 4 at Assets/MyAssets/Shaders/Toon/ToonForwardPass.hlsl(14): 'multi_compile' : unknown pragma ignored
 ok=1 outsize=3214

Cmd: compileSnippet
  insize=3606 file=Assets/MyAssets/Shaders/Toon/ToonShader.shader name=Custom/ToonShade pass=Default ppOnly=0 stripLineD=0 buildPlatform=19 rsLen=0 pKW=UNITY_ENABLE_REFLECTION_BUFFERS UNITY_USE_DITHER_MASK_FOR_ALPHABLENDED_SHADOWS UNITY_PBS_USE_BRDF1 UNITY_SPECCUBE_BOX_PROJECTION UNITY_SPECCUBE_BLENDING UNITY_ENABLE_DETAIL_NORMALMAP SHADER_API_DESKTOP UNITY_LIGHT_PROBE_PROXY_VOLUME UNITY_LIGHTMAP_FULL_HDR UNITY_PLATFORM_SUPPORTS_DEPTH_FETCH uKW=_CULL_OFF _MAIN_LIGHT_SHADOWS_CASCADE _LIGHT_LAYERS _FORWARD_PLUS _ADDITIONAL_LIGHT_SHADOWS _REFLECTION_PROBE_BLENDING _REFLECTION_PROBE_BOX_PROJECTION _SHADOWS_SOFT _SCREEN_SPACE_OCCLUSION dKW=_SHADOWS_SOFT_LOW _SHADOWS_SOFT_MEDIUM _SHADOWS_SOFT_HIGH _DBUFFER_MRT1 _DBUFFER_MRT2 _DBUFFER_MRT3 _LIGHT_COOKIES _WRITE_RENDERING_LAYERS _CULL_FRONT _CULL_BACK _Toon _MAIN_LIGHT_SHADOWS _MAIN_LIGHT_SHADOWS_SCREEN _ADDITIONAL_LIGHTS_VERTEX _ADDITIONAL_LIGHTS EVALUATE_SH_MIXED EVALUATE_SH_VERTEX INSTANCING_ON UNITY_NO_DXT5nm UNITY_FRAMEBUFFER_FETCH_AVAILABLE UNITY_METAL_SHADOWS_USE_POINT_FILTERING UNITY_NO_SCREENSPACE_SHADOWS UNITY_PBS_USE_BRDF2 UNITY_PBS_USE_BRDF3 UNITY_HARDWARE_TIER1 UNITY_HARDWARE_TIER2 UNITY_HARDWARE_TIER3 UNITY_COLORSPACE_GAMMA UNITY_LIGHTMAP_DLDR_ENCODING UNITY_LIGHTMAP_RGBM_ENCODING UNITY_VIRTUAL_TEXTURING UNITY_PRETRANSFORM_TO_DISPLAY_ORIENTATION UNITY_ASTC_NORMALMAP_ENCODING SHADER_API_GLES30 UNITY_UNIFIED_SHADER_PRECISION_MODEL flags=0 lang=3 type=Fragment platform=d3d11 reqs=227 mask=6 start=43  error: 1 plat 4 at Assets/MyAssets/Shaders/Toon/ToonForwardPass.hlsl(3): 'multi_compile' : unknown pragma ignored
  error: 1 plat 4 at Assets/MyAssets/Shaders/Toon/ToonForwardPass.hlsl(4): 'multi_compile' : unknown pragma ignored
  error: 1 plat 4 at Assets/MyAssets/Shaders/Toon/ToonForwardPass.hlsl(5): 'multi_compile' : unknown pragma ignored
  error: 1 plat 4 at Assets/MyAssets/Shaders/Toon/ToonForwardPass.hlsl(6): 'multi_compile_fragment' : unknown pragma ignored
  error: 1 plat 4 at Assets/MyAssets/Shaders/Toon/ToonForwardPass.hlsl(7): 'multi_compile_fragment' : unknown pragma ignored
  error: 1 plat 4 at Assets/MyAssets/Shaders/Toon/ToonForwardPass.hlsl(8): 'multi_compile_fragment' : unknown pragma ignored
  error: 1 plat 4 at Assets/MyAssets/Shaders/Toon/ToonForwardPass.hlsl(9): 'multi_compile_fragment' : unknown pragma ignored
  error: 1 plat 4 at Assets/MyAssets/Shaders/Toon/ToonForwardPass.hlsl(10): 'multi_compile_fragment' : unknown pragma ignored
  error: 1 plat 4 at Assets/MyAssets/Shaders/Toon/ToonForwardPass.hlsl(11): 'multi_compile_fragment' : unknown pragma ignored
  error: 1 plat 4 at Assets/MyAssets/Shaders/Toon/ToonForwardPass.hlsl(12): 'multi_compile_fragment' : unknown pragma ignored
  error: 1 plat 4 at Assets/MyAssets/Shaders/Toon/ToonForwardPass.hlsl(13): 'multi_compile' : unknown pragma ignored
  error: 1 plat 4 at Assets/MyAssets/Shaders/Toon/ToonForwardPass.hlsl(14): 'multi_compile' : unknown pragma ignored
 ok=1 outsize=33742


Cmd: compileSnippet
  insize=3696 file=Assets/MyAssets/Shaders/Toon/ToonShader.shader name=Custom/ToonShade pass=Default ppOnly=0 stripLineD=0 buildPlatform=19 rsLen=0 pKW=UNITY_ENABLE_REFLECTION_BUFFERS UNITY_USE_DITHER_MASK_FOR_ALPHABLENDED_SHADOWS UNITY_PBS_USE_BRDF1 UNITY_SPECCUBE_BOX_PROJECTION UNITY_SPECCUBE_BLENDING UNITY_ENABLE_DETAIL_NORMALMAP SHADER_API_DESKTOP UNITY_LIGHT_PROBE_PROXY_VOLUME UNITY_LIGHTMAP_FULL_HDR UNITY_PLATFORM_SUPPORTS_DEPTH_FETCH uKW=_CULL_OFF dKW=_ADDITIONAL_LIGHT_SHADOWS _REFLECTION_PROBE_BLENDING _REFLECTION_PROBE_BOX_PROJECTION _SHADOWS_SOFT _SHADOWS_SOFT_LOW _SHADOWS_SOFT_MEDIUM _SHADOWS_SOFT_HIGH _SCREEN_SPACE_OCCLUSION _DBUFFER_MRT1 _DBUFFER_MRT2 _DBUFFER_MRT3 _LIGHT_COOKIES _WRITE_RENDERING_LAYERS _CULL_FRONT _CULL_BACK _Toon _MAIN_LIGHT_SHADOWS _MAIN_LIGHT_SHADOWS_CASCADE _MAIN_LIGHT_SHADOWS_SCREEN _ADDITIONAL_LIGHTS_VERTEX _ADDITIONAL_LIGHTS EVALUATE_SH_MIXED EVALUATE_SH_VERTEX _LIGHT_LAYERS _FORWARD_PLUS INSTANCING_ON UNITY_NO_DXT5nm UNITY_FRAMEBUFFER_FETCH_AVAILABLE UNITY_METAL_SHADOWS_USE_POINT_FILTERING UNITY_NO_SCREENSPACE_SHADOWS UNITY_PBS_USE_BRDF2 UNITY_PBS_USE_BRDF3 UNITY_HARDWARE_TIER1 UNITY_HARDWARE_TIER2 UNITY_HARDWARE_TIER3 UNITY_COLORSPACE_GAMMA UNITY_LIGHTMAP_DLDR_ENCODING UNITY_LIGHTMAP_RGBM_ENCODING UNITY_VIRTUAL_TEXTURING UNITY_PRETRANSFORM_TO_DISPLAY_ORIENTATION UNITY_ASTC_NORMALMAP_ENCODING SHADER_API_GLES30 UNITY_UNIFIED_SHADER_PRECISION_MODEL flags=0 lang=3 type=Fragment platform=d3d11 reqs=227 mask=6 start=43 ok=1 outsize=3214


Cmd: compileSnippet
  insize=2507 file=Assets/MyAssets/Shaders/Toon/ToonShader.shader name=Custom/ToonShade pass=Default ppOnly=0 stripLineD=0 buildPlatform=19 rsLen=0 pKW=UNITY_ENABLE_REFLECTION_BUFFERS UNITY_USE_DITHER_MASK_FOR_ALPHABLENDED_SHADOWS UNITY_PBS_USE_BRDF1 UNITY_SPECCUBE_BOX_PROJECTION UNITY_SPECCUBE_BLENDING UNITY_ENABLE_DETAIL_NORMALMAP SHADER_API_DESKTOP UNITY_LIGHT_PROBE_PROXY_VOLUME UNITY_LIGHTMAP_FULL_HDR UNITY_PLATFORM_SUPPORTS_DEPTH_FETCH uKW=_CULL_OFF dKW=_CULL_FRONT _CULL_BACK _Toon INSTANCING_ON UNITY_NO_DXT5nm UNITY_FRAMEBUFFER_FETCH_AVAILABLE UNITY_METAL_SHADOWS_USE_POINT_FILTERING UNITY_NO_SCREENSPACE_SHADOWS UNITY_PBS_USE_BRDF2 UNITY_PBS_USE_BRDF3 UNITY_HARDWARE_TIER1 UNITY_HARDWARE_TIER2 UNITY_HARDWARE_TIER3 UNITY_COLORSPACE_GAMMA UNITY_LIGHTMAP_DLDR_ENCODING UNITY_LIGHTMAP_RGBM_ENCODING UNITY_VIRTUAL_TEXTURING UNITY_PRETRANSFORM_TO_DISPLAY_ORIENTATION UNITY_ASTC_NORMALMAP_ENCODING SHADER_API_GLES30 UNITY_UNIFIED_SHADER_PRECISION_MODEL flags=0 lang=3 type=Vertex platform=d3d11 reqs=227 mask=6 start=43  error: 1 plat 4 at Assets/MyAssets/Shaders/Toon/ToonForwardPass.hlsl(3): 'multi_compile' : unknown pragma ignored
  error: 1 plat 4 at Assets/MyAssets/Shaders/Toon/ToonForwardPass.hlsl(4): 'multi_compile' : unknown pragma ignored
  error: 1 plat 4 at Assets/MyAssets/Shaders/Toon/ToonForwardPass.hlsl(5): 'multi_compile' : unknown pragma ignored
  error: 1 plat 4 at Assets/MyAssets/Shaders/Toon/ToonForwardPass.hlsl(6): 'multi_compile_fragment' : unknown pragma ignored
  error: 1 plat 4 at Assets/MyAssets/Shaders/Toon/ToonForwardPass.hlsl(7): 'multi_compile_fragment' : unknown pragma ignored
  error: 1 plat 4 at Assets/MyAssets/Shaders/Toon/ToonForwardPass.hlsl(8): 'multi_compile_fragment' : unknown pragma ignored
  error: 1 plat 4 at Assets/MyAssets/Shaders/Toon/ToonForwardPass.hlsl(9): 'multi_compile_fragment' : unknown pragma ignored
  error: 1 plat 4 at Assets/MyAssets/Shaders/Toon/ToonForwardPass.hlsl(10): 'multi_compile_fragment' : unknown pragma ignored
  error: 1 plat 4 at Assets/MyAssets/Shaders/Toon/ToonForwardPass.hlsl(11): 'multi_compile_fragment' : unknown pragma ignored
  error: 1 plat 4 at Assets/MyAssets/Shaders/Toon/ToonForwardPass.hlsl(12): 'multi_compile_fragment' : unknown pragma ignored
  error: 1 plat 4 at Assets/MyAssets/Shaders/Toon/ToonForwardPass.hlsl(13): 'multi_compile' : unknown pragma ignored
  error: 1 plat 4 at Assets/MyAssets/Shaders/Toon/ToonForwardPass.hlsl(14): 'multi_compile' : unknown pragma ignored
  error: 1 plat 28 at Assets/MyAssets/Shaders/Toon/ToonForwardPass.hlsl(15): Treating '#include_with_pragmas' directive as '#include'
  error: 1 plat 28 at Assets/MyAssets/Shaders/Toon/ToonForwardPass.hlsl(16): Treating '#include_with_pragmas' directive as '#include'
  error: 1 plat 4 at Projects/Project02/Library/PackageCache/com.unity.render-pipelines.universal/ShaderLibrary/RenderingLayers.hlsl(4): 'multi_compile_fragment' : unknown pragma ignored
  error: 1 plat 4 at Projects/Project02/Library/PackageCache/com.unity.render-pipelines.universal/ShaderLibrary/RenderingLayers.hlsl(5): 'target' : unknown pragma ignored
 ok=1 outsize=1134


Cmd: compileSnippet
  insize=2466 file=Assets/MyAssets/Shaders/Toon/ToonShader.shader name=Custom/ToonShade pass=Default ppOnly=0 stripLineD=0 buildPlatform=19 rsLen=0 pKW=UNITY_ENABLE_REFLECTION_BUFFERS UNITY_USE_DITHER_MASK_FOR_ALPHABLENDED_SHADOWS UNITY_PBS_USE_BRDF1 UNITY_SPECCUBE_BOX_PROJECTION UNITY_SPECCUBE_BLENDING UNITY_ENABLE_DETAIL_NORMALMAP SHADER_API_DESKTOP UNITY_LIGHT_PROBE_PROXY_VOLUME UNITY_LIGHTMAP_FULL_HDR UNITY_PLATFORM_SUPPORTS_DEPTH_FETCH uKW=_CULL_OFF dKW=_ADDITIONAL_LIGHT_SHADOWS _REFLECTION_PROBE_BLENDING _REFLECTION_PROBE_BOX_PROJECTION _SHADOWS_SOFT _SHADOWS_SOFT_LOW _SHADOWS_SOFT_MEDIUM _SHADOWS_SOFT_HIGH _SCREEN_SPACE_OCCLUSION _DBUFFER_MRT1 _DBUFFER_MRT2 _DBUFFER_MRT3 _LIGHT_COOKIES _CULL_FRONT _CULL_BACK _Toon INSTANCING_ON UNITY_NO_DXT5nm UNITY_FRAMEBUFFER_FETCH_AVAILABLE UNITY_METAL_SHADOWS_USE_POINT_FILTERING UNITY_NO_SCREENSPACE_SHADOWS UNITY_PBS_USE_BRDF2 UNITY_PBS_USE_BRDF3 UNITY_HARDWARE_TIER1 UNITY_HARDWARE_TIER2 UNITY_HARDWARE_TIER3 UNITY_COLORSPACE_GAMMA UNITY_LIGHTMAP_DLDR_ENCODING UNITY_LIGHTMAP_RGBM_ENCODING UNITY_VIRTUAL_TEXTURING UNITY_PRETRANSFORM_TO_DISPLAY_ORIENTATION UNITY_ASTC_NORMALMAP_ENCODING SHADER_API_GLES30 UNITY_UNIFIED_SHADER_PRECISION_MODEL flags=0 lang=3 type=Fragment platform=d3d11 reqs=227 mask=6 start=43  error: 1 plat 4 at Assets/MyAssets/Shaders/Toon/ToonForwardPass.hlsl(3): 'multi_compile' : unknown pragma ignored
  error: 1 plat 4 at Assets/MyAssets/Shaders/Toon/ToonForwardPass.hlsl(4): 'multi_compile' : unknown pragma ignored
  error: 1 plat 4 at Assets/MyAssets/Shaders/Toon/ToonForwardPass.hlsl(5): 'multi_compile' : unknown pragma ignored
  error: 1 plat 4 at Assets/MyAssets/Shaders/Toon/ToonForwardPass.hlsl(6): 'multi_compile' : unknown pragma ignored
  error: 1 plat 4 at Assets/MyAssets/Shaders/Toon/ToonForwardPass.hlsl(7): 'multi_compile' : unknown pragma ignored
  error: 1 plat 28 at Assets/MyAssets/Shaders/Toon/ToonForwardPass.hlsl(8): Treating '#include_with_pragmas' directive as '#include'
  error: 1 plat 28 at Assets/MyAssets/Shaders/Toon/ToonForwardPass.hlsl(9): Treating '#include_with_pragmas' directive as '#include'
  error: 1 plat 4 at Projects/Project02/Library/PackageCache/com.unity.render-pipelines.universal/ShaderLibrary/RenderingLayers.hlsl(4): 'multi_compile_fragment' : unknown pragma ignored
  error: 1 plat 4 at Projects/Project02/Library/PackageCache/com.unity.render-pipelines.universal/ShaderLibrary/RenderingLayers.hlsl(5): 'target' : unknown pragma ignored
 ok=1 outsize=3214


Cmd: compileSnippet
  insize=3696 file=Assets/MyAssets/Shaders/Toon/ToonShader.shader name=Custom/ToonShade pass=Default ppOnly=0 stripLineD=0 buildPlatform=19 rsLen=0 pKW=UNITY_ENABLE_REFLECTION_BUFFERS UNITY_USE_DITHER_MASK_FOR_ALPHABLENDED_SHADOWS UNITY_PBS_USE_BRDF1 UNITY_SPECCUBE_BOX_PROJECTION UNITY_SPECCUBE_BLENDING UNITY_ENABLE_DETAIL_NORMALMAP SHADER_API_DESKTOP UNITY_LIGHT_PROBE_PROXY_VOLUME UNITY_LIGHTMAP_FULL_HDR UNITY_PLATFORM_SUPPORTS_DEPTH_FETCH uKW=_CULL_OFF dKW=_ADDITIONAL_LIGHT_SHADOWS _REFLECTION_PROBE_BLENDING _REFLECTION_PROBE_BOX_PROJECTION _SHADOWS_SOFT _SHADOWS_SOFT_LOW _SHADOWS_SOFT_MEDIUM _SHADOWS_SOFT_HIGH _SCREEN_SPACE_OCCLUSION _DBUFFER_MRT1 _DBUFFER_MRT2 _DBUFFER_MRT3 _LIGHT_COOKIES _WRITE_RENDERING_LAYERS _CULL_FRONT _CULL_BACK _Toon _MAIN_LIGHT_SHADOWS _MAIN_LIGHT_SHADOWS_CASCADE _MAIN_LIGHT_SHADOWS_SCREEN _ADDITIONAL_LIGHTS_VERTEX _ADDITIONAL_LIGHTS EVALUATE_SH_MIXED EVALUATE_SH_VERTEX _LIGHT_LAYERS _FORWARD_PLUS INSTANCING_ON UNITY_NO_DXT5nm UNITY_FRAMEBUFFER_FETCH_AVAILABLE UNITY_METAL_SHADOWS_USE_POINT_FILTERING UNITY_NO_SCREENSPACE_SHADOWS UNITY_PBS_USE_BRDF2 UNITY_PBS_USE_BRDF3 UNITY_HARDWARE_TIER1 UNITY_HARDWARE_TIER2 UNITY_HARDWARE_TIER3 UNITY_COLORSPACE_GAMMA UNITY_LIGHTMAP_DLDR_ENCODING UNITY_LIGHTMAP_RGBM_ENCODING UNITY_VIRTUAL_TEXTURING UNITY_PRETRANSFORM_TO_DISPLAY_ORIENTATION UNITY_ASTC_NORMALMAP_ENCODING SHADER_API_GLES30 UNITY_UNIFIED_SHADER_PRECISION_MODEL flags=0 lang=3 type=Fragment platform=d3d11 reqs=227 mask=6 start=43 ok=1 outsize=3214

Cmd: compileSnippet
  insize=3696 file=Assets/MyAssets/Shaders/Toon/ToonShader.shader name=Custom/ToonShade pass=Default ppOnly=0 stripLineD=0 buildPlatform=19 rsLen=0 pKW=UNITY_ENABLE_REFLECTION_BUFFERS UNITY_USE_DITHER_MASK_FOR_ALPHABLENDED_SHADOWS UNITY_PBS_USE_BRDF1 UNITY_SPECCUBE_BOX_PROJECTION UNITY_SPECCUBE_BLENDING UNITY_ENABLE_DETAIL_NORMALMAP SHADER_API_DESKTOP UNITY_LIGHT_PROBE_PROXY_VOLUME UNITY_LIGHTMAP_FULL_HDR UNITY_PLATFORM_SUPPORTS_DEPTH_FETCH uKW=_CULL_OFF _MAIN_LIGHT_SHADOWS_CASCADE _LIGHT_LAYERS _FORWARD_PLUS _ADDITIONAL_LIGHT_SHADOWS _REFLECTION_PROBE_BLENDING _REFLECTION_PROBE_BOX_PROJECTION _SHADOWS_SOFT _SCREEN_SPACE_OCCLUSION dKW=_SHADOWS_SOFT_LOW _SHADOWS_SOFT_MEDIUM _SHADOWS_SOFT_HIGH _DBUFFER_MRT1 _DBUFFER_MRT2 _DBUFFER_MRT3 _LIGHT_COOKIES _WRITE_RENDERING_LAYERS _CULL_FRONT _CULL_BACK _Toon _MAIN_LIGHT_SHADOWS _MAIN_LIGHT_SHADOWS_SCREEN _ADDITIONAL_LIGHTS_VERTEX _ADDITIONAL_LIGHTS EVALUATE_SH_MIXED EVALUATE_SH_VERTEX INSTANCING_ON UNITY_NO_DXT5nm UNITY_FRAMEBUFFER_FETCH_AVAILABLE UNITY_METAL_SHADOWS_USE_POINT_FILTERING UNITY_NO_SCREENSPACE_SHADOWS UNITY_PBS_USE_BRDF2 UNITY_PBS_USE_BRDF3 UNITY_HARDWARE_TIER1 UNITY_HARDWARE_TIER2 UNITY_HARDWARE_TIER3 UNITY_COLORSPACE_GAMMA UNITY_LIGHTMAP_DLDR_ENCODING UNITY_LIGHTMAP_RGBM_ENCODING UNITY_VIRTUAL_TEXTURING UNITY_PRETRANSFORM_TO_DISPLAY_ORIENTATION UNITY_ASTC_NORMALMAP_ENCODING SHADER_API_GLES30 UNITY_UNIFIED_SHADER_PRECISION_MODEL flags=0 lang=3 type=Fragment platform=d3d11 reqs=227 mask=6 start=43 ok=1 outsize=33742

Cmd: shutdown
